<?xml version="1.0" encoding="UTF-8"?>
<!-- Generated by org.testng.reporters.JUnitXMLReporter -->
<testsuite ignored="0" hostname="VDL171" failures="1" tests="1" name="Default test" time="16.232" errors="0" timestamp="2025-04-05T17:09:24 IST">
  <testcase classname="io.cucumber.testng.AbstractTestNGCucumberTests" name="runScenario" time="13.094">
    <failure type="java.lang.AssertionError" message="The following asserts failed:
	expected [Test] but found [Search Results: AIR TOOL OIL]">
      <![CDATA[java.lang.AssertionError: The following asserts failed:
expected [Test] but found [Search Results: AIR TOOL OIL]
at org.testng.asserts.SoftAssert.assertAll(SoftAssert.java:47)
at org.testng.asserts.SoftAssert.assertAll(SoftAssert.java:31)
at TestCases.SearchValidation.verify_if_the_user_fails_the_validation_and_the_error_scenarios_are_shown_in_the_report(SearchValidation.java:87)
at ✽.Verify if the user fails the validation and the error scenarios are shown in the report(file:///C:/Users/Sathik/eclipse-workspace/Shop_HighLine_Project/src/test/resources/features/Animation.feature:10)
]]>
    </failure>
  </testcase> <!-- runScenario -->
</testsuite> <!-- Default test -->
