<?xml version="1.0" encoding="UTF-8"?>
<testsuite xmlns:xsi="http://www.w3.org/2001/XMLSchema-instance" xsi:noNamespaceSchemaLocation="https://maven.apache.org/surefire/maven-surefire-plugin/xsd/surefire-test-report-3.0.xsd" version="3.0" name="TestSuite" time="7.062" tests="2" errors="0" skipped="0" failures="2">
  <properties>
[...]
</properties>
  <testcase name="runScenario[&quot;Validating the Search functionality&quot;, &quot;End To End Validation of the functionality of the shophighlinewarren site&quot;](1)" classname="Runner.ReRunnerTest" time="0.724">
    <failure message="Could not start a new session. Possible causes are invalid address of the remote server or browser start-up failure. &#10;Host info: host: &apos;VDL171&apos;, ip: &apos;192.168.128.253&apos;&#10;Build info: version: &apos;4.21.0&apos;, revision: &apos;79ed462ef4&apos;&#10;System info: os.name: &apos;Windows 10&apos;, os.arch: &apos;amd64&apos;, os.version: &apos;10.0&apos;, java.version: &apos;22.0.2&apos;&#10;Driver info: org.openqa.selenium.remote.RemoteWebDriver&#10;Command: [null, newSession {capabilities=[Capabilities {browser: chrome, browser_version: latest, bstack:options: {accessKey: mp3htyvVeMchJqfJAzqp, buildName: Build 1, projectName: Cucumber Selenium Project, sessionName: Search Test, userName: sathiksha_aux1ho}, os: Windows, os_version: 10, resolution: 1920x1080}]}]&#10;Capabilities {browser: chrome, browser_version: latest, bstack:options: {accessKey: mp3htyvVeMchJqfJAzqp, buildName: Build 1, projectName: Cucumber Selenium Project, sessionName: Search Test, userName: sathiksha_aux1ho}, os: Windows, os_version: 10, resolution: 1920x1080}" type="org.openqa.selenium.SessionNotCreatedException"><![CDATA[org.openqa.selenium.SessionNotCreatedException: 
Could not start a new session. Possible causes are invalid address of the remote server or browser start-up failure. 
Host info: host: 'VDL171', ip: '192.168.128.253'
Build info: version: '4.21.0', revision: '79ed462ef4'
System info: os.name: 'Windows 10', os.arch: 'amd64', os.version: '10.0', java.version: '22.0.2'
Driver info: org.openqa.selenium.remote.RemoteWebDriver
Command: [null, newSession {capabilities=[Capabilities {browser: chrome, browser_version: latest, bstack:options: {accessKey: mp3htyvVeMchJqfJAzqp, buildName: Build 1, projectName: Cucumber Selenium Project, sessionName: Search Test, userName: sathiksha_aux1ho}, os: Windows, os_version: 10, resolution: 1920x1080}]}]
Capabilities {browser: chrome, browser_version: latest, bstack:options: {accessKey: mp3htyvVeMchJqfJAzqp, buildName: Build 1, projectName: Cucumber Selenium Project, sessionName: Search Test, userName: sathiksha_aux1ho}, os: Windows, os_version: 10, resolution: 1920x1080}
	at org.openqa.selenium.remote.RemoteWebDriver.execute(RemoteWebDriver.java:536)
	at org.openqa.selenium.remote.RemoteWebDriver.startSession(RemoteWebDriver.java:232)
	at org.openqa.selenium.remote.RemoteWebDriver.<init>(RemoteWebDriver.java:161)
	at org.openqa.selenium.remote.RemoteWebDriver.<init>(RemoteWebDriver.java:141)
	at Utils.HelperClass.initializeBrowserStackDriver(HelperClass.java:87)
	at Utils.HelperClass.initializeDriver(HelperClass.java:58)
	at Utils.HelperClass.<init>(HelperClass.java:36)
	at Utils.HelperClass.getInstance(HelperClass.java:44)
	at Definitions.Hooks.setUp(Hooks.java:19)
Caused by: java.lang.IllegalArgumentException: Illegal key values seen in w3c capabilities: [browser, browser_version, os, os_version, resolution]
	at org.openqa.selenium.remote.NewSessionPayload.lambda$validate$5(NewSessionPayload.java:163)
	at java.base/java.util.stream.ReferencePipeline$15$1.accept(ReferencePipeline.java:555)
	at java.base/java.util.stream.ReferencePipeline$15$1.accept(ReferencePipeline.java:556)
	at java.base/java.util.stream.ReferencePipeline$3$1.accept(ReferencePipeline.java:212)
	at java.base/java.util.stream.ReferencePipeline$15$1.accept(ReferencePipeline.java:556)
	at java.base/java.util.ArrayList$ArrayListSpliterator.forEachRemaining(ArrayList.java:1709)
	at java.base/java.util.stream.AbstractPipeline.copyInto(AbstractPipeline.java:556)
	at java.base/java.util.stream.AbstractPipeline.wrapAndCopyInto(AbstractPipeline.java:546)
	at java.base/java.util.stream.ForEachOps$ForEachOp.evaluateSequential(ForEachOps.java:151)
	at java.base/java.util.stream.ForEachOps$ForEachOp$OfRef.evaluateSequential(ForEachOps.java:174)
	at java.base/java.util.stream.AbstractPipeline.evaluate(AbstractPipeline.java:265)
	at java.base/java.util.stream.ReferencePipeline.forEach(ReferencePipeline.java:611)
	at org.openqa.selenium.remote.NewSessionPayload.validate(NewSessionPayload.java:167)
	at org.openqa.selenium.remote.NewSessionPayload.<init>(NewSessionPayload.java:70)
	at org.openqa.selenium.remote.NewSessionPayload.create(NewSessionPayload.java:99)
	at org.openqa.selenium.remote.NewSessionPayload.create(NewSessionPayload.java:84)
	at org.openqa.selenium.remote.ProtocolHandshake.createSession(ProtocolHandshake.java:60)
	at org.openqa.selenium.remote.HttpCommandExecutor.execute(HttpCommandExecutor.java:162)
	at org.openqa.selenium.remote.TracedCommandExecutor.execute(TracedCommandExecutor.java:51)
	at org.openqa.selenium.remote.RemoteWebDriver.execute(RemoteWebDriver.java:518)
	at org.openqa.selenium.remote.RemoteWebDriver.startSession(RemoteWebDriver.java:232)
	at org.openqa.selenium.remote.RemoteWebDriver.<init>(RemoteWebDriver.java:161)
	at org.openqa.selenium.remote.RemoteWebDriver.<init>(RemoteWebDriver.java:141)
	at Utils.HelperClass.initializeBrowserStackDriver(HelperClass.java:87)
	at Utils.HelperClass.initializeDriver(HelperClass.java:58)
	at Utils.HelperClass.<init>(HelperClass.java:36)
	at Utils.HelperClass.getInstance(HelperClass.java:44)
	at Definitions.Hooks.setUp(Hooks.java:19)
	at java.base/jdk.internal.reflect.DirectMethodHandleAccessor.invoke(DirectMethodHandleAccessor.java:103)
	at java.base/java.lang.reflect.Method.invoke(Method.java:580)
	at io.cucumber.java.Invoker.doInvoke(Invoker.java:66)
	at io.cucumber.java.Invoker.invoke(Invoker.java:24)
	at io.cucumber.java.AbstractGlueDefinition.invokeMethod(AbstractGlueDefinition.java:47)
	at io.cucumber.java.JavaHookDefinition.execute(JavaHookDefinition.java:64)
	at io.cucumber.core.runner.CoreHookDefinition.execute(CoreHookDefinition.java:46)
	at io.cucumber.core.runner.HookDefinitionMatch.runStep(HookDefinitionMatch.java:21)
	at io.cucumber.core.runner.ExecutionMode$1.execute(ExecutionMode.java:10)
	at io.cucumber.core.runner.TestStep.executeStep(TestStep.java:81)
	at io.cucumber.core.runner.TestStep.run(TestStep.java:53)
	at io.cucumber.core.runner.TestCase.run(TestCase.java:78)
	at io.cucumber.core.runner.Runner.runPickle(Runner.java:75)
	at io.cucumber.testng.TestNGCucumberRunner.lambda$runScenario$1(TestNGCucumberRunner.java:132)
	at io.cucumber.core.runtime.CucumberExecutionContext.lambda$runTestCase$5(CucumberExecutionContext.java:136)
	at io.cucumber.core.runtime.RethrowingThrowableCollector.executeAndThrow(RethrowingThrowableCollector.java:23)
	at io.cucumber.core.runtime.CucumberExecutionContext.runTestCase(CucumberExecutionContext.java:136)
	at io.cucumber.testng.TestNGCucumberRunner.runScenario(TestNGCucumberRunner.java:129)
	at io.cucumber.testng.AbstractTestNGCucumberTests.runScenario(AbstractTestNGCucumberTests.java:35)
	at java.base/jdk.internal.reflect.DirectMethodHandleAccessor.invoke(DirectMethodHandleAccessor.java:103)
	at java.base/java.lang.reflect.Method.invoke(Method.java:580)
	at org.testng.internal.invokers.MethodInvocationHelper.invokeMethod(MethodInvocationHelper.java:141)
	at org.testng.internal.invokers.TestInvoker.invokeMethod(TestInvoker.java:686)
	at org.testng.internal.invokers.TestInvoker.invokeTestMethod(TestInvoker.java:230)
	at org.testng.internal.invokers.MethodRunner.runInSequence(MethodRunner.java:63)
	at org.testng.internal.invokers.TestInvoker$MethodInvocationAgent.invoke(TestInvoker.java:992)
	at org.testng.internal.invokers.TestInvoker.invokeTestMethods(TestInvoker.java:203)
	at org.testng.internal.invokers.TestMethodWorker.invokeTestMethods(TestMethodWorker.java:154)
	at org.testng.internal.invokers.TestMethodWorker.run(TestMethodWorker.java:134)
	at java.base/java.util.ArrayList.forEach(ArrayList.java:1597)
	at org.testng.TestRunner.privateRun(TestRunner.java:739)
	at org.testng.TestRunner.run(TestRunner.java:614)
	at org.testng.SuiteRunner.runTest(SuiteRunner.java:421)
	at org.testng.SuiteRunner.runSequentially(SuiteRunner.java:413)
	at org.testng.SuiteRunner.privateRun(SuiteRunner.java:373)
	at org.testng.SuiteRunner.run(SuiteRunner.java:312)
	at org.testng.SuiteRunnerWorker.runSuite(SuiteRunnerWorker.java:52)
	at org.testng.SuiteRunnerWorker.run(SuiteRunnerWorker.java:95)
	at org.testng.TestNG.runSuitesSequentially(TestNG.java:1274)
	at org.testng.TestNG.runSuitesLocally(TestNG.java:1208)
	at org.testng.TestNG.runSuites(TestNG.java:1112)
	at org.testng.TestNG.run(TestNG.java:1079)
	at org.apache.maven.surefire.testng.TestNGExecutor.run(TestNGExecutor.java:155)
	at org.apache.maven.surefire.testng.TestNGDirectoryTestSuite.executeMulti(TestNGDirectoryTestSuite.java:169)
	at org.apache.maven.surefire.testng.TestNGDirectoryTestSuite.execute(TestNGDirectoryTestSuite.java:88)
	at org.apache.maven.surefire.testng.TestNGProvider.invoke(TestNGProvider.java:137)
	at org.apache.maven.surefire.booter.ForkedBooter.runSuitesInProcess(ForkedBooter.java:385)
	at org.apache.maven.surefire.booter.ForkedBooter.execute(ForkedBooter.java:162)
	at org.apache.maven.surefire.booter.ForkedBooter.run(ForkedBooter.java:507)
	at org.apache.maven.surefire.booter.ForkedBooter.main(ForkedBooter.java:495)
]]></failure>
    <system-err><![CDATA[Apr 05, 2025 9:17:24 PM org.openqa.selenium.remote.tracing.opentelemetry.OpenTelemetryTracer createTracer
INFO: Using OpenTelemetry for tracing
Apr 05, 2025 9:17:24 PM org.openqa.selenium.remote.RemoteWebDriver checkNonW3CCapabilities
WARNING: Support for Legacy Capabilities is deprecated; You are sending the following invalid capabilities: [browser, browser_version, os, os_version, resolution]; Please update to W3C Syntax: https://www.selenium.dev/blog/2022/legacy-protocol-support/
]]></system-err>
  </testcase>
  <testcase name="runScenario[&quot;Validating the Search functionality&quot;, &quot;End To End Validation of the functionality of the shophighlinewarren site&quot;](1)" classname="Runner.RunnerTest" time="0.028">
    <failure message="Could not start a new session. Possible causes are invalid address of the remote server or browser start-up failure. &#10;Host info: host: &apos;VDL171&apos;, ip: &apos;192.168.128.253&apos;&#10;Build info: version: &apos;4.21.0&apos;, revision: &apos;79ed462ef4&apos;&#10;System info: os.name: &apos;Windows 10&apos;, os.arch: &apos;amd64&apos;, os.version: &apos;10.0&apos;, java.version: &apos;22.0.2&apos;&#10;Driver info: org.openqa.selenium.remote.RemoteWebDriver&#10;Command: [null, newSession {capabilities=[Capabilities {browser: chrome, browser_version: latest, bstack:options: {accessKey: mp3htyvVeMchJqfJAzqp, buildName: Build 1, projectName: Cucumber Selenium Project, sessionName: Search Test, userName: sathiksha_aux1ho}, os: Windows, os_version: 10, resolution: 1920x1080}]}]&#10;Capabilities {browser: chrome, browser_version: latest, bstack:options: {accessKey: mp3htyvVeMchJqfJAzqp, buildName: Build 1, projectName: Cucumber Selenium Project, sessionName: Search Test, userName: sathiksha_aux1ho}, os: Windows, os_version: 10, resolution: 1920x1080}" type="org.openqa.selenium.SessionNotCreatedException"><![CDATA[org.openqa.selenium.SessionNotCreatedException: 
Could not start a new session. Possible causes are invalid address of the remote server or browser start-up failure. 
Host info: host: 'VDL171', ip: '192.168.128.253'
Build info: version: '4.21.0', revision: '79ed462ef4'
System info: os.name: 'Windows 10', os.arch: 'amd64', os.version: '10.0', java.version: '22.0.2'
Driver info: org.openqa.selenium.remote.RemoteWebDriver
Command: [null, newSession {capabilities=[Capabilities {browser: chrome, browser_version: latest, bstack:options: {accessKey: mp3htyvVeMchJqfJAzqp, buildName: Build 1, projectName: Cucumber Selenium Project, sessionName: Search Test, userName: sathiksha_aux1ho}, os: Windows, os_version: 10, resolution: 1920x1080}]}]
Capabilities {browser: chrome, browser_version: latest, bstack:options: {accessKey: mp3htyvVeMchJqfJAzqp, buildName: Build 1, projectName: Cucumber Selenium Project, sessionName: Search Test, userName: sathiksha_aux1ho}, os: Windows, os_version: 10, resolution: 1920x1080}
	at org.openqa.selenium.remote.RemoteWebDriver.execute(RemoteWebDriver.java:536)
	at org.openqa.selenium.remote.RemoteWebDriver.startSession(RemoteWebDriver.java:232)
	at org.openqa.selenium.remote.RemoteWebDriver.<init>(RemoteWebDriver.java:161)
	at org.openqa.selenium.remote.RemoteWebDriver.<init>(RemoteWebDriver.java:141)
	at Utils.HelperClass.initializeBrowserStackDriver(HelperClass.java:87)
	at Utils.HelperClass.initializeDriver(HelperClass.java:58)
	at Utils.HelperClass.<init>(HelperClass.java:36)
	at Utils.HelperClass.getInstance(HelperClass.java:44)
	at Definitions.Hooks.setUp(Hooks.java:19)
Caused by: java.lang.IllegalArgumentException: Illegal key values seen in w3c capabilities: [browser, browser_version, os, os_version, resolution]
	at org.openqa.selenium.remote.NewSessionPayload.lambda$validate$5(NewSessionPayload.java:163)
	at java.base/java.util.stream.ReferencePipeline$15$1.accept(ReferencePipeline.java:555)
	at java.base/java.util.stream.ReferencePipeline$15$1.accept(ReferencePipeline.java:556)
	at java.base/java.util.stream.ReferencePipeline$3$1.accept(ReferencePipeline.java:212)
	at java.base/java.util.stream.ReferencePipeline$15$1.accept(ReferencePipeline.java:556)
	at java.base/java.util.ArrayList$ArrayListSpliterator.forEachRemaining(ArrayList.java:1709)
	at java.base/java.util.stream.AbstractPipeline.copyInto(AbstractPipeline.java:556)
	at java.base/java.util.stream.AbstractPipeline.wrapAndCopyInto(AbstractPipeline.java:546)
	at java.base/java.util.stream.ForEachOps$ForEachOp.evaluateSequential(ForEachOps.java:151)
	at java.base/java.util.stream.ForEachOps$ForEachOp$OfRef.evaluateSequential(ForEachOps.java:174)
	at java.base/java.util.stream.AbstractPipeline.evaluate(AbstractPipeline.java:265)
	at java.base/java.util.stream.ReferencePipeline.forEach(ReferencePipeline.java:611)
	at org.openqa.selenium.remote.NewSessionPayload.validate(NewSessionPayload.java:167)
	at org.openqa.selenium.remote.NewSessionPayload.<init>(NewSessionPayload.java:70)
	at org.openqa.selenium.remote.NewSessionPayload.create(NewSessionPayload.java:99)
	at org.openqa.selenium.remote.NewSessionPayload.create(NewSessionPayload.java:84)
	at org.openqa.selenium.remote.ProtocolHandshake.createSession(ProtocolHandshake.java:60)
	at org.openqa.selenium.remote.HttpCommandExecutor.execute(HttpCommandExecutor.java:162)
	at org.openqa.selenium.remote.TracedCommandExecutor.execute(TracedCommandExecutor.java:51)
	at org.openqa.selenium.remote.RemoteWebDriver.execute(RemoteWebDriver.java:518)
	at org.openqa.selenium.remote.RemoteWebDriver.startSession(RemoteWebDriver.java:232)
	at org.openqa.selenium.remote.RemoteWebDriver.<init>(RemoteWebDriver.java:161)
	at org.openqa.selenium.remote.RemoteWebDriver.<init>(RemoteWebDriver.java:141)
	at Utils.HelperClass.initializeBrowserStackDriver(HelperClass.java:87)
	at Utils.HelperClass.initializeDriver(HelperClass.java:58)
	at Utils.HelperClass.<init>(HelperClass.java:36)
	at Utils.HelperClass.getInstance(HelperClass.java:44)
	at Definitions.Hooks.setUp(Hooks.java:19)
	at java.base/jdk.internal.reflect.DirectMethodHandleAccessor.invoke(DirectMethodHandleAccessor.java:103)
	at java.base/java.lang.reflect.Method.invoke(Method.java:580)
	at io.cucumber.java.Invoker.doInvoke(Invoker.java:66)
	at io.cucumber.java.Invoker.invoke(Invoker.java:24)
	at io.cucumber.java.AbstractGlueDefinition.invokeMethod(AbstractGlueDefinition.java:47)
	at io.cucumber.java.JavaHookDefinition.execute(JavaHookDefinition.java:64)
	at io.cucumber.core.runner.CoreHookDefinition.execute(CoreHookDefinition.java:46)
	at io.cucumber.core.runner.HookDefinitionMatch.runStep(HookDefinitionMatch.java:21)
	at io.cucumber.core.runner.ExecutionMode$1.execute(ExecutionMode.java:10)
	at io.cucumber.core.runner.TestStep.executeStep(TestStep.java:81)
	at io.cucumber.core.runner.TestStep.run(TestStep.java:53)
	at io.cucumber.core.runner.TestCase.run(TestCase.java:78)
	at io.cucumber.core.runner.Runner.runPickle(Runner.java:75)
	at io.cucumber.testng.TestNGCucumberRunner.lambda$runScenario$1(TestNGCucumberRunner.java:132)
	at io.cucumber.core.runtime.CucumberExecutionContext.lambda$runTestCase$5(CucumberExecutionContext.java:136)
	at io.cucumber.core.runtime.RethrowingThrowableCollector.executeAndThrow(RethrowingThrowableCollector.java:23)
	at io.cucumber.core.runtime.CucumberExecutionContext.runTestCase(CucumberExecutionContext.java:136)
	at io.cucumber.testng.TestNGCucumberRunner.runScenario(TestNGCucumberRunner.java:129)
	at io.cucumber.testng.AbstractTestNGCucumberTests.runScenario(AbstractTestNGCucumberTests.java:35)
	at java.base/jdk.internal.reflect.DirectMethodHandleAccessor.invoke(DirectMethodHandleAccessor.java:103)
	at java.base/java.lang.reflect.Method.invoke(Method.java:580)
	at org.testng.internal.invokers.MethodInvocationHelper.invokeMethod(MethodInvocationHelper.java:141)
	at org.testng.internal.invokers.TestInvoker.invokeMethod(TestInvoker.java:686)
	at org.testng.internal.invokers.TestInvoker.invokeTestMethod(TestInvoker.java:230)
	at org.testng.internal.invokers.TestMethodWithDataProviderMethodWorker.call(TestMethodWithDataProviderMethodWorker.java:81)
	at org.testng.internal.thread.Async$AsyncTask.run(Async.java:34)
	at java.base/java.util.concurrent.ThreadPoolExecutor.runWorker(ThreadPoolExecutor.java:1144)
	at java.base/java.util.concurrent.ThreadPoolExecutor$Worker.run(ThreadPoolExecutor.java:642)
	at java.base/java.lang.Thread.run(Thread.java:1570)
]]></failure>
    <system-out><![CDATA[21:17:25.409 [main] DEBUG org.apache.fontbox.ttf.GlyphSubstitutionTable -- Type 4 GSUB lookup table is not supported and will be ignored
21:17:25.411 [main] DEBUG org.apache.fontbox.ttf.GlyphSubstitutionTable -- Type 4 GSUB lookup table is not supported and will be ignored
21:17:25.411 [main] DEBUG org.apache.fontbox.ttf.GlyphSubstitutionTable -- Type 6 GSUB lookup table is not supported and will be ignored
21:17:25.411 [main] DEBUG org.apache.fontbox.ttf.GlyphSubstitutionTable -- Type 4 GSUB lookup table is not supported and will be ignored
21:17:25.411 [main] DEBUG org.apache.fontbox.ttf.GlyphSubstitutionTable -- Type 4 GSUB lookup table is not supported and will be ignored
21:17:25.450 [main] DEBUG org.apache.fontbox.ttf.GlyphSubstitutionTable -- Type 4 GSUB lookup table is not supported and will be ignored
21:17:25.450 [main] DEBUG org.apache.fontbox.ttf.GlyphSubstitutionTable -- Type 4 GSUB lookup table is not supported and will be ignored
21:17:25.450 [main] DEBUG org.apache.fontbox.ttf.GlyphSubstitutionTable -- Type 6 GSUB lookup table is not supported and will be ignored
21:17:25.450 [main] DEBUG org.apache.fontbox.ttf.GlyphSubstitutionTable -- Type 4 GSUB lookup table is not supported and will be ignored
21:17:25.450 [main] DEBUG org.apache.fontbox.ttf.GlyphSubstitutionTable -- Type 4 GSUB lookup table is not supported and will be ignored
21:17:25.462 [main] DEBUG org.apache.fontbox.ttf.GlyphSubstitutionTable -- Type 4 GSUB lookup table is not supported and will be ignored
21:17:25.463 [main] DEBUG org.apache.fontbox.ttf.GlyphSubstitutionTable -- Type 4 GSUB lookup table is not supported and will be ignored
21:17:25.463 [main] DEBUG org.apache.fontbox.ttf.GlyphSubstitutionTable -- Type 6 GSUB lookup table is not supported and will be ignored
21:17:25.463 [main] DEBUG org.apache.fontbox.ttf.GlyphSubstitutionTable -- Type 4 GSUB lookup table is not supported and will be ignored
21:17:25.463 [main] DEBUG org.apache.fontbox.ttf.GlyphSubstitutionTable -- Type 4 GSUB lookup table is not supported and will be ignored
21:17:25.477 [main] DEBUG org.apache.fontbox.ttf.GlyphSubstitutionTable -- Type 4 GSUB lookup table is not supported and will be ignored
21:17:25.478 [main] DEBUG org.apache.fontbox.ttf.GlyphSubstitutionTable -- Type 4 GSUB lookup table is not supported and will be ignored
21:17:25.478 [main] DEBUG org.apache.fontbox.ttf.GlyphSubstitutionTable -- Type 6 GSUB lookup table is not supported and will be ignored
21:17:25.478 [main] DEBUG org.apache.fontbox.ttf.GlyphSubstitutionTable -- Type 4 GSUB lookup table is not supported and will be ignored
21:17:25.478 [main] DEBUG org.apache.fontbox.ttf.GlyphSubstitutionTable -- Type 4 GSUB lookup table is not supported and will be ignored
21:17:25.616 [main] DEBUG org.apache.fontbox.ttf.GlyphSubstitutionTable -- Type 4 GSUB lookup table is not supported and will be ignored
21:17:25.616 [main] DEBUG org.apache.fontbox.ttf.GlyphSubstitutionTable -- Type 4 GSUB lookup table is not supported and will be ignored
21:17:25.617 [main] DEBUG org.apache.fontbox.ttf.GlyphSubstitutionTable -- Type 6 GSUB lookup table is not supported and will be ignored
21:17:25.617 [main] DEBUG org.apache.fontbox.ttf.GlyphSubstitutionTable -- Type 4 GSUB lookup table is not supported and will be ignored
21:17:25.617 [main] DEBUG org.apache.fontbox.ttf.GlyphSubstitutionTable -- Type 4 GSUB lookup table is not supported and will be ignored
21:17:25.688 [main] DEBUG org.apache.fontbox.util.autodetect.FontFileFinder -- checkFontfile check C:\Windows\FONTS\8514fix.fon
21:17:25.688 [main] DEBUG org.apache.fontbox.util.autodetect.FontFileFinder -- checkFontfile check C:\Windows\FONTS\8514fixe.fon
21:17:25.688 [main] DEBUG org.apache.fontbox.util.autodetect.FontFileFinder -- checkFontfile check C:\Windows\FONTS\8514fixg.fon
21:17:25.689 [main] DEBUG org.apache.fontbox.util.autodetect.FontFileFinder -- checkFontfile check C:\Windows\FONTS\8514fixr.fon
21:17:25.689 [main] DEBUG org.apache.fontbox.util.autodetect.FontFileFinder -- checkFontfile check C:\Windows\FONTS\8514fixt.fon
21:17:25.689 [main] DEBUG org.apache.fontbox.util.autodetect.FontFileFinder -- checkFontfile check C:\Windows\FONTS\8514oem.fon
21:17:25.689 [main] DEBUG org.apache.fontbox.util.autodetect.FontFileFinder -- checkFontfile check C:\Windows\FONTS\8514oeme.fon
21:17:25.689 [main] DEBUG org.apache.fontbox.util.autodetect.FontFileFinder -- checkFontfile check C:\Windows\FONTS\8514oemg.fon
21:17:25.689 [main] DEBUG org.apache.fontbox.util.autodetect.FontFileFinder -- checkFontfile check C:\Windows\FONTS\8514oemr.fon
21:17:25.689 [main] DEBUG org.apache.fontbox.util.autodetect.FontFileFinder -- checkFontfile check C:\Windows\FONTS\8514oemt.fon
21:17:25.689 [main] DEBUG org.apache.fontbox.util.autodetect.FontFileFinder -- checkFontfile check C:\Windows\FONTS\8514sys.fon
21:17:25.689 [main] DEBUG org.apache.fontbox.util.autodetect.FontFileFinder -- checkFontfile check C:\Windows\FONTS\8514syse.fon
21:17:25.689 [main] DEBUG org.apache.fontbox.util.autodetect.FontFileFinder -- checkFontfile check C:\Windows\FONTS\8514sysg.fon
21:17:25.689 [main] DEBUG org.apache.fontbox.util.autodetect.FontFileFinder -- checkFontfile check C:\Windows\FONTS\8514sysr.fon
21:17:25.689 [main] DEBUG org.apache.fontbox.util.autodetect.FontFileFinder -- checkFontfile check C:\Windows\FONTS\8514syst.fon
21:17:25.689 [main] DEBUG org.apache.fontbox.util.autodetect.FontFileFinder -- checkFontfile check C:\Windows\FONTS\85775.fon
21:17:25.691 [main] DEBUG org.apache.fontbox.util.autodetect.FontFileFinder -- checkFontfile check C:\Windows\FONTS\85855.fon
21:17:25.691 [main] DEBUG org.apache.fontbox.util.autodetect.FontFileFinder -- checkFontfile check C:\Windows\FONTS\85f1255.fon
21:17:25.691 [main] DEBUG org.apache.fontbox.util.autodetect.FontFileFinder -- checkFontfile check C:\Windows\FONTS\85f1256.fon
21:17:25.691 [main] DEBUG org.apache.fontbox.util.autodetect.FontFileFinder -- checkFontfile check C:\Windows\FONTS\85f1257.fon
21:17:25.691 [main] DEBUG org.apache.fontbox.util.autodetect.FontFileFinder -- checkFontfile check C:\Windows\FONTS\85f874.fon
21:17:25.691 [main] DEBUG org.apache.fontbox.util.autodetect.FontFileFinder -- checkFontfile check C:\Windows\FONTS\85s1255.fon
21:17:25.691 [main] DEBUG org.apache.fontbox.util.autodetect.FontFileFinder -- checkFontfile check C:\Windows\FONTS\85s1256.fon
21:17:25.691 [main] DEBUG org.apache.fontbox.util.autodetect.FontFileFinder -- checkFontfile check C:\Windows\FONTS\85s1257.fon
21:17:25.692 [main] DEBUG org.apache.fontbox.util.autodetect.FontFileFinder -- checkFontfile check C:\Windows\FONTS\85s874.fon
21:17:25.692 [main] DEBUG org.apache.fontbox.util.autodetect.FontFileFinder -- checkFontfile check C:\Windows\FONTS\AGENCYB.TTF
21:17:25.692 [main] DEBUG org.apache.fontbox.util.autodetect.FontFileFinder -- checkFontfile found C:\Windows\FONTS\AGENCYB.TTF
21:17:25.692 [main] DEBUG org.apache.fontbox.util.autodetect.FontFileFinder -- checkFontfile check C:\Windows\FONTS\AGENCYR.TTF
21:17:25.692 [main] DEBUG org.apache.fontbox.util.autodetect.FontFileFinder -- checkFontfile found C:\Windows\FONTS\AGENCYR.TTF
21:17:25.692 [main] DEBUG org.apache.fontbox.util.autodetect.FontFileFinder -- checkFontfile check C:\Windows\FONTS\ALGER.TTF
21:17:25.693 [main] DEBUG org.apache.fontbox.util.autodetect.FontFileFinder -- checkFontfile found C:\Windows\FONTS\ALGER.TTF
21:17:25.693 [main] DEBUG org.apache.fontbox.util.autodetect.FontFileFinder -- checkFontfile check C:\Windows\FONTS\ANTQUAB.TTF
21:17:25.693 [main] DEBUG org.apache.fontbox.util.autodetect.FontFileFinder -- checkFontfile found C:\Windows\FONTS\ANTQUAB.TTF
21:17:25.693 [main] DEBUG org.apache.fontbox.util.autodetect.FontFileFinder -- checkFontfile check C:\Windows\FONTS\ANTQUABI.TTF
21:17:25.693 [main] DEBUG org.apache.fontbox.util.autodetect.FontFileFinder -- checkFontfile found C:\Windows\FONTS\ANTQUABI.TTF
21:17:25.693 [main] DEBUG org.apache.fontbox.util.autodetect.FontFileFinder -- checkFontfile check C:\Windows\FONTS\ANTQUAI.TTF
21:17:25.693 [main] DEBUG org.apache.fontbox.util.autodetect.FontFileFinder -- checkFontfile found C:\Windows\FONTS\ANTQUAI.TTF
21:17:25.694 [main] DEBUG org.apache.fontbox.util.autodetect.FontFileFinder -- checkFontfile check C:\Windows\FONTS\app775.fon
21:17:25.694 [main] DEBUG org.apache.fontbox.util.autodetect.FontFileFinder -- checkFontfile check C:\Windows\FONTS\app850.fon
21:17:25.694 [main] DEBUG org.apache.fontbox.util.autodetect.FontFileFinder -- checkFontfile check C:\Windows\FONTS\app852.fon
21:17:25.694 [main] DEBUG org.apache.fontbox.util.autodetect.FontFileFinder -- checkFontfile check C:\Windows\FONTS\app855.fon
21:17:25.694 [main] DEBUG org.apache.fontbox.util.autodetect.FontFileFinder -- checkFontfile check C:\Windows\FONTS\app857.fon
21:17:25.694 [main] DEBUG org.apache.fontbox.util.autodetect.FontFileFinder -- checkFontfile check C:\Windows\FONTS\app866.fon
21:17:25.694 [main] DEBUG org.apache.fontbox.util.autodetect.FontFileFinder -- checkFontfile check C:\Windows\FONTS\app932.fon
21:17:25.694 [main] DEBUG org.apache.fontbox.util.autodetect.FontFileFinder -- checkFontfile check C:\Windows\FONTS\app936.fon
21:17:25.694 [main] DEBUG org.apache.fontbox.util.autodetect.FontFileFinder -- checkFontfile check C:\Windows\FONTS\app949.fon
21:17:25.695 [main] DEBUG org.apache.fontbox.util.autodetect.FontFileFinder -- checkFontfile check C:\Windows\FONTS\app950.fon
21:17:25.695 [main] DEBUG org.apache.fontbox.util.autodetect.FontFileFinder -- checkFontfile check C:\Windows\FONTS\arial.ttf
21:17:25.695 [main] DEBUG org.apache.fontbox.util.autodetect.FontFileFinder -- checkFontfile found C:\Windows\FONTS\arial.ttf
21:17:25.695 [main] DEBUG org.apache.fontbox.util.autodetect.FontFileFinder -- checkFontfile check C:\Windows\FONTS\arialbd.ttf
21:17:25.695 [main] DEBUG org.apache.fontbox.util.autodetect.FontFileFinder -- checkFontfile found C:\Windows\FONTS\arialbd.ttf
21:17:25.695 [main] DEBUG org.apache.fontbox.util.autodetect.FontFileFinder -- checkFontfile check C:\Windows\FONTS\arialbi.ttf
21:17:25.695 [main] DEBUG org.apache.fontbox.util.autodetect.FontFileFinder -- checkFontfile found C:\Windows\FONTS\arialbi.ttf
21:17:25.695 [main] DEBUG org.apache.fontbox.util.autodetect.FontFileFinder -- checkFontfile check C:\Windows\FONTS\ariali.ttf
21:17:25.695 [main] DEBUG org.apache.fontbox.util.autodetect.FontFileFinder -- checkFontfile found C:\Windows\FONTS\ariali.ttf
21:17:25.696 [main] DEBUG org.apache.fontbox.util.autodetect.FontFileFinder -- checkFontfile check C:\Windows\FONTS\ARIALN.TTF
21:17:25.696 [main] DEBUG org.apache.fontbox.util.autodetect.FontFileFinder -- checkFontfile found C:\Windows\FONTS\ARIALN.TTF
21:17:25.696 [main] DEBUG org.apache.fontbox.util.autodetect.FontFileFinder -- checkFontfile check C:\Windows\FONTS\ARIALNB.TTF
21:17:25.696 [main] DEBUG org.apache.fontbox.util.autodetect.FontFileFinder -- checkFontfile found C:\Windows\FONTS\ARIALNB.TTF
21:17:25.696 [main] DEBUG org.apache.fontbox.util.autodetect.FontFileFinder -- checkFontfile check C:\Windows\FONTS\ARIALNBI.TTF
21:17:25.696 [main] DEBUG org.apache.fontbox.util.autodetect.FontFileFinder -- checkFontfile found C:\Windows\FONTS\ARIALNBI.TTF
21:17:25.696 [main] DEBUG org.apache.fontbox.util.autodetect.FontFileFinder -- checkFontfile check C:\Windows\FONTS\ARIALNI.TTF
21:17:25.696 [main] DEBUG org.apache.fontbox.util.autodetect.FontFileFinder -- checkFontfile found C:\Windows\FONTS\ARIALNI.TTF
21:17:25.696 [main] DEBUG org.apache.fontbox.util.autodetect.FontFileFinder -- checkFontfile check C:\Windows\FONTS\ariblk.ttf
21:17:25.696 [main] DEBUG org.apache.fontbox.util.autodetect.FontFileFinder -- checkFontfile found C:\Windows\FONTS\ariblk.ttf
21:17:25.697 [main] DEBUG org.apache.fontbox.util.autodetect.FontFileFinder -- checkFontfile check C:\Windows\FONTS\ARLRDBD.TTF
21:17:25.697 [main] DEBUG org.apache.fontbox.util.autodetect.FontFileFinder -- checkFontfile found C:\Windows\FONTS\ARLRDBD.TTF
21:17:25.697 [main] DEBUG org.apache.fontbox.util.autodetect.FontFileFinder -- checkFontfile check C:\Windows\FONTS\bahnschrift.ttf
21:17:25.697 [main] DEBUG org.apache.fontbox.util.autodetect.FontFileFinder -- checkFontfile found C:\Windows\FONTS\bahnschrift.ttf
21:17:25.697 [main] DEBUG org.apache.fontbox.util.autodetect.FontFileFinder -- checkFontfile check C:\Windows\FONTS\BASKVILL.TTF
21:17:25.697 [main] DEBUG org.apache.fontbox.util.autodetect.FontFileFinder -- checkFontfile found C:\Windows\FONTS\BASKVILL.TTF
21:17:25.697 [main] DEBUG org.apache.fontbox.util.autodetect.FontFileFinder -- checkFontfile check C:\Windows\FONTS\BAUHS93.TTF
21:17:25.697 [main] DEBUG org.apache.fontbox.util.autodetect.FontFileFinder -- checkFontfile found C:\Windows\FONTS\BAUHS93.TTF
21:17:25.697 [main] DEBUG org.apache.fontbox.util.autodetect.FontFileFinder -- checkFontfile check C:\Windows\FONTS\BELL.TTF
21:17:25.697 [main] DEBUG org.apache.fontbox.util.autodetect.FontFileFinder -- checkFontfile found C:\Windows\FONTS\BELL.TTF
21:17:25.698 [main] DEBUG org.apache.fontbox.util.autodetect.FontFileFinder -- checkFontfile check C:\Windows\FONTS\BELLB.TTF
21:17:25.698 [main] DEBUG org.apache.fontbox.util.autodetect.FontFileFinder -- checkFontfile found C:\Windows\FONTS\BELLB.TTF
21:17:25.698 [main] DEBUG org.apache.fontbox.util.autodetect.FontFileFinder -- checkFontfile check C:\Windows\FONTS\BELLI.TTF
21:17:25.698 [main] DEBUG org.apache.fontbox.util.autodetect.FontFileFinder -- checkFontfile found C:\Windows\FONTS\BELLI.TTF
21:17:25.698 [main] DEBUG org.apache.fontbox.util.autodetect.FontFileFinder -- checkFontfile check C:\Windows\FONTS\BERNHC.TTF
21:17:25.698 [main] DEBUG org.apache.fontbox.util.autodetect.FontFileFinder -- checkFontfile found C:\Windows\FONTS\BERNHC.TTF
21:17:25.698 [main] DEBUG org.apache.fontbox.util.autodetect.FontFileFinder -- checkFontfile check C:\Windows\FONTS\BKANT.TTF
21:17:25.698 [main] DEBUG org.apache.fontbox.util.autodetect.FontFileFinder -- checkFontfile found C:\Windows\FONTS\BKANT.TTF
21:17:25.698 [main] DEBUG org.apache.fontbox.util.autodetect.FontFileFinder -- checkFontfile check C:\Windows\FONTS\BOD_B.TTF
21:17:25.698 [main] DEBUG org.apache.fontbox.util.autodetect.FontFileFinder -- checkFontfile found C:\Windows\FONTS\BOD_B.TTF
21:17:25.698 [main] DEBUG org.apache.fontbox.util.autodetect.FontFileFinder -- checkFontfile check C:\Windows\FONTS\BOD_BI.TTF
21:17:25.698 [main] DEBUG org.apache.fontbox.util.autodetect.FontFileFinder -- checkFontfile found C:\Windows\FONTS\BOD_BI.TTF
21:17:25.699 [main] DEBUG org.apache.fontbox.util.autodetect.FontFileFinder -- checkFontfile check C:\Windows\FONTS\BOD_BLAI.TTF
21:17:25.699 [main] DEBUG org.apache.fontbox.util.autodetect.FontFileFinder -- checkFontfile found C:\Windows\FONTS\BOD_BLAI.TTF
21:17:25.699 [main] DEBUG org.apache.fontbox.util.autodetect.FontFileFinder -- checkFontfile check C:\Windows\FONTS\BOD_BLAR.TTF
21:17:25.699 [main] DEBUG org.apache.fontbox.util.autodetect.FontFileFinder -- checkFontfile found C:\Windows\FONTS\BOD_BLAR.TTF
21:17:25.699 [main] DEBUG org.apache.fontbox.util.autodetect.FontFileFinder -- checkFontfile check C:\Windows\FONTS\BOD_CB.TTF
21:17:25.699 [main] DEBUG org.apache.fontbox.util.autodetect.FontFileFinder -- checkFontfile found C:\Windows\FONTS\BOD_CB.TTF
21:17:25.699 [main] DEBUG org.apache.fontbox.util.autodetect.FontFileFinder -- checkFontfile check C:\Windows\FONTS\BOD_CBI.TTF
21:17:25.699 [main] DEBUG org.apache.fontbox.util.autodetect.FontFileFinder -- checkFontfile found C:\Windows\FONTS\BOD_CBI.TTF
21:17:25.699 [main] DEBUG org.apache.fontbox.util.autodetect.FontFileFinder -- checkFontfile check C:\Windows\FONTS\BOD_CI.TTF
21:17:25.699 [main] DEBUG org.apache.fontbox.util.autodetect.FontFileFinder -- checkFontfile found C:\Windows\FONTS\BOD_CI.TTF
21:17:25.699 [main] DEBUG org.apache.fontbox.util.autodetect.FontFileFinder -- checkFontfile check C:\Windows\FONTS\BOD_CR.TTF
21:17:25.700 [main] DEBUG org.apache.fontbox.util.autodetect.FontFileFinder -- checkFontfile found C:\Windows\FONTS\BOD_CR.TTF
21:17:25.700 [main] DEBUG org.apache.fontbox.util.autodetect.FontFileFinder -- checkFontfile check C:\Windows\FONTS\BOD_I.TTF
21:17:25.700 [main] DEBUG org.apache.fontbox.util.autodetect.FontFileFinder -- checkFontfile found C:\Windows\FONTS\BOD_I.TTF
21:17:25.700 [main] DEBUG org.apache.fontbox.util.autodetect.FontFileFinder -- checkFontfile check C:\Windows\FONTS\BOD_PSTC.TTF
21:17:25.700 [main] DEBUG org.apache.fontbox.util.autodetect.FontFileFinder -- checkFontfile found C:\Windows\FONTS\BOD_PSTC.TTF
21:17:25.700 [main] DEBUG org.apache.fontbox.util.autodetect.FontFileFinder -- checkFontfile check C:\Windows\FONTS\BOD_R.TTF
21:17:25.700 [main] DEBUG org.apache.fontbox.util.autodetect.FontFileFinder -- checkFontfile found C:\Windows\FONTS\BOD_R.TTF
21:17:25.700 [main] DEBUG org.apache.fontbox.util.autodetect.FontFileFinder -- checkFontfile check C:\Windows\FONTS\BOOKOS.TTF
21:17:25.700 [main] DEBUG org.apache.fontbox.util.autodetect.FontFileFinder -- checkFontfile found C:\Windows\FONTS\BOOKOS.TTF
21:17:25.700 [main] DEBUG org.apache.fontbox.util.autodetect.FontFileFinder -- checkFontfile check C:\Windows\FONTS\BOOKOSB.TTF
21:17:25.700 [main] DEBUG org.apache.fontbox.util.autodetect.FontFileFinder -- checkFontfile found C:\Windows\FONTS\BOOKOSB.TTF
21:17:25.701 [main] DEBUG org.apache.fontbox.util.autodetect.FontFileFinder -- checkFontfile check C:\Windows\FONTS\BOOKOSBI.TTF
21:17:25.701 [main] DEBUG org.apache.fontbox.util.autodetect.FontFileFinder -- checkFontfile found C:\Windows\FONTS\BOOKOSBI.TTF
21:17:25.701 [main] DEBUG org.apache.fontbox.util.autodetect.FontFileFinder -- checkFontfile check C:\Windows\FONTS\BOOKOSI.TTF
21:17:25.701 [main] DEBUG org.apache.fontbox.util.autodetect.FontFileFinder -- checkFontfile found C:\Windows\FONTS\BOOKOSI.TTF
21:17:25.701 [main] DEBUG org.apache.fontbox.util.autodetect.FontFileFinder -- checkFontfile check C:\Windows\FONTS\BRADHITC.TTF
21:17:25.701 [main] DEBUG org.apache.fontbox.util.autodetect.FontFileFinder -- checkFontfile found C:\Windows\FONTS\BRADHITC.TTF
21:17:25.701 [main] DEBUG org.apache.fontbox.util.autodetect.FontFileFinder -- checkFontfile check C:\Windows\FONTS\BRITANIC.TTF
21:17:25.701 [main] DEBUG org.apache.fontbox.util.autodetect.FontFileFinder -- checkFontfile found C:\Windows\FONTS\BRITANIC.TTF
21:17:25.701 [main] DEBUG org.apache.fontbox.util.autodetect.FontFileFinder -- checkFontfile check C:\Windows\FONTS\BRLNSB.TTF
21:17:25.701 [main] DEBUG org.apache.fontbox.util.autodetect.FontFileFinder -- checkFontfile found C:\Windows\FONTS\BRLNSB.TTF
21:17:25.701 [main] DEBUG org.apache.fontbox.util.autodetect.FontFileFinder -- checkFontfile check C:\Windows\FONTS\BRLNSDB.TTF
21:17:25.701 [main] DEBUG org.apache.fontbox.util.autodetect.FontFileFinder -- checkFontfile found C:\Windows\FONTS\BRLNSDB.TTF
21:17:25.702 [main] DEBUG org.apache.fontbox.util.autodetect.FontFileFinder -- checkFontfile check C:\Windows\FONTS\BRLNSR.TTF
21:17:25.702 [main] DEBUG org.apache.fontbox.util.autodetect.FontFileFinder -- checkFontfile found C:\Windows\FONTS\BRLNSR.TTF
21:17:25.702 [main] DEBUG org.apache.fontbox.util.autodetect.FontFileFinder -- checkFontfile check C:\Windows\FONTS\BROADW.TTF
21:17:25.702 [main] DEBUG org.apache.fontbox.util.autodetect.FontFileFinder -- checkFontfile found C:\Windows\FONTS\BROADW.TTF
21:17:25.702 [main] DEBUG org.apache.fontbox.util.autodetect.FontFileFinder -- checkFontfile check C:\Windows\FONTS\BRUSHSCI.TTF
21:17:25.702 [main] DEBUG org.apache.fontbox.util.autodetect.FontFileFinder -- checkFontfile found C:\Windows\FONTS\BRUSHSCI.TTF
21:17:25.702 [main] DEBUG org.apache.fontbox.util.autodetect.FontFileFinder -- checkFontfile check C:\Windows\FONTS\BSSYM7.TTF
21:17:25.702 [main] DEBUG org.apache.fontbox.util.autodetect.FontFileFinder -- checkFontfile found C:\Windows\FONTS\BSSYM7.TTF
21:17:25.702 [main] DEBUG org.apache.fontbox.util.autodetect.FontFileFinder -- checkFontfile check C:\Windows\FONTS\c8514fix.fon
21:17:25.702 [main] DEBUG org.apache.fontbox.util.autodetect.FontFileFinder -- checkFontfile check C:\Windows\FONTS\c8514oem.fon
21:17:25.702 [main] DEBUG org.apache.fontbox.util.autodetect.FontFileFinder -- checkFontfile check C:\Windows\FONTS\c8514sys.fon
21:17:25.702 [main] DEBUG org.apache.fontbox.util.autodetect.FontFileFinder -- checkFontfile check C:\Windows\FONTS\calibri.ttf
21:17:25.703 [main] DEBUG org.apache.fontbox.util.autodetect.FontFileFinder -- checkFontfile found C:\Windows\FONTS\calibri.ttf
21:17:25.703 [main] DEBUG org.apache.fontbox.util.autodetect.FontFileFinder -- checkFontfile check C:\Windows\FONTS\calibrib.ttf
21:17:25.703 [main] DEBUG org.apache.fontbox.util.autodetect.FontFileFinder -- checkFontfile found C:\Windows\FONTS\calibrib.ttf
21:17:25.703 [main] DEBUG org.apache.fontbox.util.autodetect.FontFileFinder -- checkFontfile check C:\Windows\FONTS\calibrii.ttf
21:17:25.703 [main] DEBUG org.apache.fontbox.util.autodetect.FontFileFinder -- checkFontfile found C:\Windows\FONTS\calibrii.ttf
21:17:25.703 [main] DEBUG org.apache.fontbox.util.autodetect.FontFileFinder -- checkFontfile check C:\Windows\FONTS\calibril.ttf
21:17:25.703 [main] DEBUG org.apache.fontbox.util.autodetect.FontFileFinder -- checkFontfile found C:\Windows\FONTS\calibril.ttf
21:17:25.703 [main] DEBUG org.apache.fontbox.util.autodetect.FontFileFinder -- checkFontfile check C:\Windows\FONTS\calibrili.ttf
21:17:25.703 [main] DEBUG org.apache.fontbox.util.autodetect.FontFileFinder -- checkFontfile found C:\Windows\FONTS\calibrili.ttf
21:17:25.703 [main] DEBUG org.apache.fontbox.util.autodetect.FontFileFinder -- checkFontfile check C:\Windows\FONTS\calibriz.ttf
21:17:25.703 [main] DEBUG org.apache.fontbox.util.autodetect.FontFileFinder -- checkFontfile found C:\Windows\FONTS\calibriz.ttf
21:17:25.703 [main] DEBUG org.apache.fontbox.util.autodetect.FontFileFinder -- checkFontfile check C:\Windows\FONTS\CALIFB.TTF
21:17:25.703 [main] DEBUG org.apache.fontbox.util.autodetect.FontFileFinder -- checkFontfile found C:\Windows\FONTS\CALIFB.TTF
21:17:25.704 [main] DEBUG org.apache.fontbox.util.autodetect.FontFileFinder -- checkFontfile check C:\Windows\FONTS\CALIFI.TTF
21:17:25.704 [main] DEBUG org.apache.fontbox.util.autodetect.FontFileFinder -- checkFontfile found C:\Windows\FONTS\CALIFI.TTF
21:17:25.704 [main] DEBUG org.apache.fontbox.util.autodetect.FontFileFinder -- checkFontfile check C:\Windows\FONTS\CALIFR.TTF
21:17:25.705 [main] DEBUG org.apache.fontbox.util.autodetect.FontFileFinder -- checkFontfile found C:\Windows\FONTS\CALIFR.TTF
21:17:25.705 [main] DEBUG org.apache.fontbox.util.autodetect.FontFileFinder -- checkFontfile check C:\Windows\FONTS\CALIST.TTF
21:17:25.705 [main] DEBUG org.apache.fontbox.util.autodetect.FontFileFinder -- checkFontfile found C:\Windows\FONTS\CALIST.TTF
21:17:25.705 [main] DEBUG org.apache.fontbox.util.autodetect.FontFileFinder -- checkFontfile check C:\Windows\FONTS\CALISTB.TTF
21:17:25.705 [main] DEBUG org.apache.fontbox.util.autodetect.FontFileFinder -- checkFontfile found C:\Windows\FONTS\CALISTB.TTF
21:17:25.705 [main] DEBUG org.apache.fontbox.util.autodetect.FontFileFinder -- checkFontfile check C:\Windows\FONTS\CALISTBI.TTF
21:17:25.705 [main] DEBUG org.apache.fontbox.util.autodetect.FontFileFinder -- checkFontfile found C:\Windows\FONTS\CALISTBI.TTF
21:17:25.706 [main] DEBUG org.apache.fontbox.util.autodetect.FontFileFinder -- checkFontfile check C:\Windows\FONTS\CALISTI.TTF
21:17:25.706 [main] DEBUG org.apache.fontbox.util.autodetect.FontFileFinder -- checkFontfile found C:\Windows\FONTS\CALISTI.TTF
21:17:25.706 [main] DEBUG org.apache.fontbox.util.autodetect.FontFileFinder -- checkFontfile check C:\Windows\FONTS\cambria.ttc
21:17:25.706 [main] DEBUG org.apache.fontbox.util.autodetect.FontFileFinder -- checkFontfile found C:\Windows\FONTS\cambria.ttc
21:17:25.706 [main] DEBUG org.apache.fontbox.util.autodetect.FontFileFinder -- checkFontfile check C:\Windows\FONTS\cambriab.ttf
21:17:25.706 [main] DEBUG org.apache.fontbox.util.autodetect.FontFileFinder -- checkFontfile found C:\Windows\FONTS\cambriab.ttf
21:17:25.706 [main] DEBUG org.apache.fontbox.util.autodetect.FontFileFinder -- checkFontfile check C:\Windows\FONTS\cambriai.ttf
21:17:25.706 [main] DEBUG org.apache.fontbox.util.autodetect.FontFileFinder -- checkFontfile found C:\Windows\FONTS\cambriai.ttf
21:17:25.706 [main] DEBUG org.apache.fontbox.util.autodetect.FontFileFinder -- checkFontfile check C:\Windows\FONTS\cambriaz.ttf
21:17:25.706 [main] DEBUG org.apache.fontbox.util.autodetect.FontFileFinder -- checkFontfile found C:\Windows\FONTS\cambriaz.ttf
21:17:25.706 [main] DEBUG org.apache.fontbox.util.autodetect.FontFileFinder -- checkFontfile check C:\Windows\FONTS\Candara.ttf
21:17:25.707 [main] DEBUG org.apache.fontbox.util.autodetect.FontFileFinder -- checkFontfile found C:\Windows\FONTS\Candara.ttf
21:17:25.707 [main] DEBUG org.apache.fontbox.util.autodetect.FontFileFinder -- checkFontfile check C:\Windows\FONTS\Candarab.ttf
21:17:25.707 [main] DEBUG org.apache.fontbox.util.autodetect.FontFileFinder -- checkFontfile found C:\Windows\FONTS\Candarab.ttf
21:17:25.707 [main] DEBUG org.apache.fontbox.util.autodetect.FontFileFinder -- checkFontfile check C:\Windows\FONTS\Candarai.ttf
21:17:25.707 [main] DEBUG org.apache.fontbox.util.autodetect.FontFileFinder -- checkFontfile found C:\Windows\FONTS\Candarai.ttf
21:17:25.707 [main] DEBUG org.apache.fontbox.util.autodetect.FontFileFinder -- checkFontfile check C:\Windows\FONTS\Candaral.ttf
21:17:25.707 [main] DEBUG org.apache.fontbox.util.autodetect.FontFileFinder -- checkFontfile found C:\Windows\FONTS\Candaral.ttf
21:17:25.707 [main] DEBUG org.apache.fontbox.util.autodetect.FontFileFinder -- checkFontfile check C:\Windows\FONTS\Candarali.ttf
21:17:25.707 [main] DEBUG org.apache.fontbox.util.autodetect.FontFileFinder -- checkFontfile found C:\Windows\FONTS\Candarali.ttf
21:17:25.707 [main] DEBUG org.apache.fontbox.util.autodetect.FontFileFinder -- checkFontfile check C:\Windows\FONTS\Candaraz.ttf
21:17:25.707 [main] DEBUG org.apache.fontbox.util.autodetect.FontFileFinder -- checkFontfile found C:\Windows\FONTS\Candaraz.ttf
21:17:25.707 [main] DEBUG org.apache.fontbox.util.autodetect.FontFileFinder -- checkFontfile check C:\Windows\FONTS\CascadiaCode.ttf
21:17:25.708 [main] DEBUG org.apache.fontbox.util.autodetect.FontFileFinder -- checkFontfile found C:\Windows\FONTS\CascadiaCode.ttf
21:17:25.708 [main] DEBUG org.apache.fontbox.util.autodetect.FontFileFinder -- checkFontfile check C:\Windows\FONTS\CascadiaMono.ttf
21:17:25.708 [main] DEBUG org.apache.fontbox.util.autodetect.FontFileFinder -- checkFontfile found C:\Windows\FONTS\CascadiaMono.ttf
21:17:25.708 [main] DEBUG org.apache.fontbox.util.autodetect.FontFileFinder -- checkFontfile check C:\Windows\FONTS\CASTELAR.TTF
21:17:25.708 [main] DEBUG org.apache.fontbox.util.autodetect.FontFileFinder -- checkFontfile found C:\Windows\FONTS\CASTELAR.TTF
21:17:25.708 [main] DEBUG org.apache.fontbox.util.autodetect.FontFileFinder -- checkFontfile check C:\Windows\FONTS\CENSCBK.TTF
21:17:25.708 [main] DEBUG org.apache.fontbox.util.autodetect.FontFileFinder -- checkFontfile found C:\Windows\FONTS\CENSCBK.TTF
21:17:25.709 [main] DEBUG org.apache.fontbox.util.autodetect.FontFileFinder -- checkFontfile check C:\Windows\FONTS\CENTAUR.TTF
21:17:25.709 [main] DEBUG org.apache.fontbox.util.autodetect.FontFileFinder -- checkFontfile found C:\Windows\FONTS\CENTAUR.TTF
21:17:25.709 [main] DEBUG org.apache.fontbox.util.autodetect.FontFileFinder -- checkFontfile check C:\Windows\FONTS\CENTURY.TTF
21:17:25.709 [main] DEBUG org.apache.fontbox.util.autodetect.FontFileFinder -- checkFontfile found C:\Windows\FONTS\CENTURY.TTF
21:17:25.709 [main] DEBUG org.apache.fontbox.util.autodetect.FontFileFinder -- checkFontfile check C:\Windows\FONTS\cga40737.fon
21:17:25.709 [main] DEBUG org.apache.fontbox.util.autodetect.FontFileFinder -- checkFontfile check C:\Windows\FONTS\cga40850.fon
21:17:25.710 [main] DEBUG org.apache.fontbox.util.autodetect.FontFileFinder -- checkFontfile check C:\Windows\FONTS\cga40852.fon
21:17:25.710 [main] DEBUG org.apache.fontbox.util.autodetect.FontFileFinder -- checkFontfile check C:\Windows\FONTS\cga40857.fon
21:17:25.710 [main] DEBUG org.apache.fontbox.util.autodetect.FontFileFinder -- checkFontfile check C:\Windows\FONTS\cga40866.fon
21:17:25.710 [main] DEBUG org.apache.fontbox.util.autodetect.FontFileFinder -- checkFontfile check C:\Windows\FONTS\cga40869.fon
21:17:25.710 [main] DEBUG org.apache.fontbox.util.autodetect.FontFileFinder -- checkFontfile check C:\Windows\FONTS\cga40woa.fon
21:17:25.710 [main] DEBUG org.apache.fontbox.util.autodetect.FontFileFinder -- checkFontfile check C:\Windows\FONTS\cga80737.fon
21:17:25.710 [main] DEBUG org.apache.fontbox.util.autodetect.FontFileFinder -- checkFontfile check C:\Windows\FONTS\cga80850.fon
21:17:25.710 [main] DEBUG org.apache.fontbox.util.autodetect.FontFileFinder -- checkFontfile check C:\Windows\FONTS\cga80852.fon
21:17:25.710 [main] DEBUG org.apache.fontbox.util.autodetect.FontFileFinder -- checkFontfile check C:\Windows\FONTS\cga80857.fon
21:17:25.710 [main] DEBUG org.apache.fontbox.util.autodetect.FontFileFinder -- checkFontfile check C:\Windows\FONTS\cga80866.fon
21:17:25.710 [main] DEBUG org.apache.fontbox.util.autodetect.FontFileFinder -- checkFontfile check C:\Windows\FONTS\cga80869.fon
21:17:25.711 [main] DEBUG org.apache.fontbox.util.autodetect.FontFileFinder -- checkFontfile check C:\Windows\FONTS\cga80woa.fon
21:17:25.711 [main] DEBUG org.apache.fontbox.util.autodetect.FontFileFinder -- checkFontfile check C:\Windows\FONTS\CHILLER.TTF
21:17:25.711 [main] DEBUG org.apache.fontbox.util.autodetect.FontFileFinder -- checkFontfile found C:\Windows\FONTS\CHILLER.TTF
21:17:25.711 [main] DEBUG org.apache.fontbox.util.autodetect.FontFileFinder -- checkFontfile check C:\Windows\FONTS\COLONNA.TTF
21:17:25.711 [main] DEBUG org.apache.fontbox.util.autodetect.FontFileFinder -- checkFontfile found C:\Windows\FONTS\COLONNA.TTF
21:17:25.711 [main] DEBUG org.apache.fontbox.util.autodetect.FontFileFinder -- checkFontfile check C:\Windows\FONTS\comic.ttf
21:17:25.711 [main] DEBUG org.apache.fontbox.util.autodetect.FontFileFinder -- checkFontfile found C:\Windows\FONTS\comic.ttf
21:17:25.711 [main] DEBUG org.apache.fontbox.util.autodetect.FontFileFinder -- checkFontfile check C:\Windows\FONTS\comicbd.ttf
21:17:25.711 [main] DEBUG org.apache.fontbox.util.autodetect.FontFileFinder -- checkFontfile found C:\Windows\FONTS\comicbd.ttf
21:17:25.711 [main] DEBUG org.apache.fontbox.util.autodetect.FontFileFinder -- checkFontfile check C:\Windows\FONTS\comici.ttf
21:17:25.711 [main] DEBUG org.apache.fontbox.util.autodetect.FontFileFinder -- checkFontfile found C:\Windows\FONTS\comici.ttf
21:17:25.712 [main] DEBUG org.apache.fontbox.util.autodetect.FontFileFinder -- checkFontfile check C:\Windows\FONTS\comicz.ttf
21:17:25.712 [main] DEBUG org.apache.fontbox.util.autodetect.FontFileFinder -- checkFontfile found C:\Windows\FONTS\comicz.ttf
21:17:25.712 [main] DEBUG org.apache.fontbox.util.autodetect.FontFileFinder -- checkFontfile check C:\Windows\FONTS\consola.ttf
21:17:25.712 [main] DEBUG org.apache.fontbox.util.autodetect.FontFileFinder -- checkFontfile found C:\Windows\FONTS\consola.ttf
21:17:25.712 [main] DEBUG org.apache.fontbox.util.autodetect.FontFileFinder -- checkFontfile check C:\Windows\FONTS\consolab.ttf
21:17:25.712 [main] DEBUG org.apache.fontbox.util.autodetect.FontFileFinder -- checkFontfile found C:\Windows\FONTS\consolab.ttf
21:17:25.712 [main] DEBUG org.apache.fontbox.util.autodetect.FontFileFinder -- checkFontfile check C:\Windows\FONTS\consolai.ttf
21:17:25.712 [main] DEBUG org.apache.fontbox.util.autodetect.FontFileFinder -- checkFontfile found C:\Windows\FONTS\consolai.ttf
21:17:25.712 [main] DEBUG org.apache.fontbox.util.autodetect.FontFileFinder -- checkFontfile check C:\Windows\FONTS\consolaz.ttf
21:17:25.712 [main] DEBUG org.apache.fontbox.util.autodetect.FontFileFinder -- checkFontfile found C:\Windows\FONTS\consolaz.ttf
21:17:25.713 [main] DEBUG org.apache.fontbox.util.autodetect.FontFileFinder -- checkFontfile check C:\Windows\FONTS\constan.ttf
21:17:25.713 [main] DEBUG org.apache.fontbox.util.autodetect.FontFileFinder -- checkFontfile found C:\Windows\FONTS\constan.ttf
21:17:25.713 [main] DEBUG org.apache.fontbox.util.autodetect.FontFileFinder -- checkFontfile check C:\Windows\FONTS\constanb.ttf
21:17:25.713 [main] DEBUG org.apache.fontbox.util.autodetect.FontFileFinder -- checkFontfile found C:\Windows\FONTS\constanb.ttf
21:17:25.713 [main] DEBUG org.apache.fontbox.util.autodetect.FontFileFinder -- checkFontfile check C:\Windows\FONTS\constani.ttf
21:17:25.713 [main] DEBUG org.apache.fontbox.util.autodetect.FontFileFinder -- checkFontfile found C:\Windows\FONTS\constani.ttf
21:17:25.713 [main] DEBUG org.apache.fontbox.util.autodetect.FontFileFinder -- checkFontfile check C:\Windows\FONTS\constanz.ttf
21:17:25.713 [main] DEBUG org.apache.fontbox.util.autodetect.FontFileFinder -- checkFontfile found C:\Windows\FONTS\constanz.ttf
21:17:25.713 [main] DEBUG org.apache.fontbox.util.autodetect.FontFileFinder -- checkFontfile check C:\Windows\FONTS\COOPBL.TTF
21:17:25.714 [main] DEBUG org.apache.fontbox.util.autodetect.FontFileFinder -- checkFontfile found C:\Windows\FONTS\COOPBL.TTF
21:17:25.714 [main] DEBUG org.apache.fontbox.util.autodetect.FontFileFinder -- checkFontfile check C:\Windows\FONTS\COPRGTB.TTF
21:17:25.714 [main] DEBUG org.apache.fontbox.util.autodetect.FontFileFinder -- checkFontfile found C:\Windows\FONTS\COPRGTB.TTF
21:17:25.714 [main] DEBUG org.apache.fontbox.util.autodetect.FontFileFinder -- checkFontfile check C:\Windows\FONTS\COPRGTL.TTF
21:17:25.714 [main] DEBUG org.apache.fontbox.util.autodetect.FontFileFinder -- checkFontfile found C:\Windows\FONTS\COPRGTL.TTF
21:17:25.714 [main] DEBUG org.apache.fontbox.util.autodetect.FontFileFinder -- checkFontfile check C:\Windows\FONTS\corbel.ttf
21:17:25.714 [main] DEBUG org.apache.fontbox.util.autodetect.FontFileFinder -- checkFontfile found C:\Windows\FONTS\corbel.ttf
21:17:25.714 [main] DEBUG org.apache.fontbox.util.autodetect.FontFileFinder -- checkFontfile check C:\Windows\FONTS\corbelb.ttf
21:17:25.714 [main] DEBUG org.apache.fontbox.util.autodetect.FontFileFinder -- checkFontfile found C:\Windows\FONTS\corbelb.ttf
21:17:25.714 [main] DEBUG org.apache.fontbox.util.autodetect.FontFileFinder -- checkFontfile check C:\Windows\FONTS\corbeli.ttf
21:17:25.714 [main] DEBUG org.apache.fontbox.util.autodetect.FontFileFinder -- checkFontfile found C:\Windows\FONTS\corbeli.ttf
21:17:25.715 [main] DEBUG org.apache.fontbox.util.autodetect.FontFileFinder -- checkFontfile check C:\Windows\FONTS\corbell.ttf
21:17:25.715 [main] DEBUG org.apache.fontbox.util.autodetect.FontFileFinder -- checkFontfile found C:\Windows\FONTS\corbell.ttf
21:17:25.715 [main] DEBUG org.apache.fontbox.util.autodetect.FontFileFinder -- checkFontfile check C:\Windows\FONTS\corbelli.ttf
21:17:25.715 [main] DEBUG org.apache.fontbox.util.autodetect.FontFileFinder -- checkFontfile found C:\Windows\FONTS\corbelli.ttf
21:17:25.715 [main] DEBUG org.apache.fontbox.util.autodetect.FontFileFinder -- checkFontfile check C:\Windows\FONTS\corbelz.ttf
21:17:25.715 [main] DEBUG org.apache.fontbox.util.autodetect.FontFileFinder -- checkFontfile found C:\Windows\FONTS\corbelz.ttf
21:17:25.715 [main] DEBUG org.apache.fontbox.util.autodetect.FontFileFinder -- checkFontfile check C:\Windows\FONTS\coue1255.fon
21:17:25.715 [main] DEBUG org.apache.fontbox.util.autodetect.FontFileFinder -- checkFontfile check C:\Windows\FONTS\coue1256.fon
21:17:25.715 [main] DEBUG org.apache.fontbox.util.autodetect.FontFileFinder -- checkFontfile check C:\Windows\FONTS\coue1257.fon
21:17:25.715 [main] DEBUG org.apache.fontbox.util.autodetect.FontFileFinder -- checkFontfile check C:\Windows\FONTS\couf1255.fon
21:17:25.715 [main] DEBUG org.apache.fontbox.util.autodetect.FontFileFinder -- checkFontfile check C:\Windows\FONTS\couf1256.fon
21:17:25.716 [main] DEBUG org.apache.fontbox.util.autodetect.FontFileFinder -- checkFontfile check C:\Windows\FONTS\couf1257.fon
21:17:25.716 [main] DEBUG org.apache.fontbox.util.autodetect.FontFileFinder -- checkFontfile check C:\Windows\FONTS\cour.ttf
21:17:25.716 [main] DEBUG org.apache.fontbox.util.autodetect.FontFileFinder -- checkFontfile found C:\Windows\FONTS\cour.ttf
21:17:25.716 [main] DEBUG org.apache.fontbox.util.autodetect.FontFileFinder -- checkFontfile check C:\Windows\FONTS\courbd.ttf
21:17:25.716 [main] DEBUG org.apache.fontbox.util.autodetect.FontFileFinder -- checkFontfile found C:\Windows\FONTS\courbd.ttf
21:17:25.716 [main] DEBUG org.apache.fontbox.util.autodetect.FontFileFinder -- checkFontfile check C:\Windows\FONTS\courbi.ttf
21:17:25.716 [main] DEBUG org.apache.fontbox.util.autodetect.FontFileFinder -- checkFontfile found C:\Windows\FONTS\courbi.ttf
21:17:25.716 [main] DEBUG org.apache.fontbox.util.autodetect.FontFileFinder -- checkFontfile check C:\Windows\FONTS\coure.fon
21:17:25.716 [main] DEBUG org.apache.fontbox.util.autodetect.FontFileFinder -- checkFontfile check C:\Windows\FONTS\couree.fon
21:17:25.716 [main] DEBUG org.apache.fontbox.util.autodetect.FontFileFinder -- checkFontfile check C:\Windows\FONTS\coureg.fon
21:17:25.717 [main] DEBUG org.apache.fontbox.util.autodetect.FontFileFinder -- checkFontfile check C:\Windows\FONTS\courer.fon
21:17:25.717 [main] DEBUG org.apache.fontbox.util.autodetect.FontFileFinder -- checkFontfile check C:\Windows\FONTS\couret.fon
21:17:25.717 [main] DEBUG org.apache.fontbox.util.autodetect.FontFileFinder -- checkFontfile check C:\Windows\FONTS\courf.fon
21:17:25.717 [main] DEBUG org.apache.fontbox.util.autodetect.FontFileFinder -- checkFontfile check C:\Windows\FONTS\courfe.fon
21:17:25.717 [main] DEBUG org.apache.fontbox.util.autodetect.FontFileFinder -- checkFontfile check C:\Windows\FONTS\courfg.fon
21:17:25.717 [main] DEBUG org.apache.fontbox.util.autodetect.FontFileFinder -- checkFontfile check C:\Windows\FONTS\courfr.fon
21:17:25.717 [main] DEBUG org.apache.fontbox.util.autodetect.FontFileFinder -- checkFontfile check C:\Windows\FONTS\courft.fon
21:17:25.717 [main] DEBUG org.apache.fontbox.util.autodetect.FontFileFinder -- checkFontfile check C:\Windows\FONTS\couri.ttf
21:17:25.717 [main] DEBUG org.apache.fontbox.util.autodetect.FontFileFinder -- checkFontfile found C:\Windows\FONTS\couri.ttf
21:17:25.717 [main] DEBUG org.apache.fontbox.util.autodetect.FontFileFinder -- checkFontfile check C:\Windows\FONTS\CURLZ___.TTF
21:17:25.718 [main] DEBUG org.apache.fontbox.util.autodetect.FontFileFinder -- checkFontfile found C:\Windows\FONTS\CURLZ___.TTF
21:17:25.718 [main] DEBUG org.apache.fontbox.util.autodetect.FontFileFinder -- checkFontfile check C:\Windows\FONTS\cvgafix.fon
21:17:25.718 [main] DEBUG org.apache.fontbox.util.autodetect.FontFileFinder -- checkFontfile check C:\Windows\FONTS\cvgasys.fon
21:17:25.718 [main] DEBUG org.apache.fontbox.util.autodetect.FontFileFinder -- checkFontfile check C:\Windows\FONTS\desktop.ini
21:17:25.718 [main] DEBUG org.apache.fontbox.util.autodetect.FontFileFinder -- checkFontfile check C:\Windows\FONTS\dos737.fon
21:17:25.718 [main] DEBUG org.apache.fontbox.util.autodetect.FontFileFinder -- checkFontfile check C:\Windows\FONTS\dos869.fon
21:17:25.718 [main] DEBUG org.apache.fontbox.util.autodetect.FontFileFinder -- checkFontfile check C:\Windows\FONTS\dosapp.fon
21:17:25.718 [main] DEBUG org.apache.fontbox.util.autodetect.FontFileFinder -- checkFontfile check C:\Windows\FONTS\DUBAI-BOLD.TTF
21:17:25.718 [main] DEBUG org.apache.fontbox.util.autodetect.FontFileFinder -- checkFontfile found C:\Windows\FONTS\DUBAI-BOLD.TTF
21:17:25.718 [main] DEBUG org.apache.fontbox.util.autodetect.FontFileFinder -- checkFontfile check C:\Windows\FONTS\DUBAI-LIGHT.TTF
21:17:25.718 [main] DEBUG org.apache.fontbox.util.autodetect.FontFileFinder -- checkFontfile found C:\Windows\FONTS\DUBAI-LIGHT.TTF
21:17:25.718 [main] DEBUG org.apache.fontbox.util.autodetect.FontFileFinder -- checkFontfile check C:\Windows\FONTS\DUBAI-MEDIUM.TTF
21:17:25.719 [main] DEBUG org.apache.fontbox.util.autodetect.FontFileFinder -- checkFontfile found C:\Windows\FONTS\DUBAI-MEDIUM.TTF
21:17:25.719 [main] DEBUG org.apache.fontbox.util.autodetect.FontFileFinder -- checkFontfile check C:\Windows\FONTS\DUBAI-REGULAR.TTF
21:17:25.719 [main] DEBUG org.apache.fontbox.util.autodetect.FontFileFinder -- checkFontfile found C:\Windows\FONTS\DUBAI-REGULAR.TTF
21:17:25.719 [main] DEBUG org.apache.fontbox.util.autodetect.FontFileFinder -- checkFontfile check C:\Windows\FONTS\ebrima.ttf
21:17:25.719 [main] DEBUG org.apache.fontbox.util.autodetect.FontFileFinder -- checkFontfile found C:\Windows\FONTS\ebrima.ttf
21:17:25.719 [main] DEBUG org.apache.fontbox.util.autodetect.FontFileFinder -- checkFontfile check C:\Windows\FONTS\ebrimabd.ttf
21:17:25.719 [main] DEBUG org.apache.fontbox.util.autodetect.FontFileFinder -- checkFontfile found C:\Windows\FONTS\ebrimabd.ttf
21:17:25.720 [main] DEBUG org.apache.fontbox.util.autodetect.FontFileFinder -- checkFontfile check C:\Windows\FONTS\ega40737.fon
21:17:25.720 [main] DEBUG org.apache.fontbox.util.autodetect.FontFileFinder -- checkFontfile check C:\Windows\FONTS\ega40850.fon
21:17:25.720 [main] DEBUG org.apache.fontbox.util.autodetect.FontFileFinder -- checkFontfile check C:\Windows\FONTS\ega40852.fon
21:17:25.720 [main] DEBUG org.apache.fontbox.util.autodetect.FontFileFinder -- checkFontfile check C:\Windows\FONTS\ega40857.fon
21:17:25.720 [main] DEBUG org.apache.fontbox.util.autodetect.FontFileFinder -- checkFontfile check C:\Windows\FONTS\ega40866.fon
21:17:25.720 [main] DEBUG org.apache.fontbox.util.autodetect.FontFileFinder -- checkFontfile check C:\Windows\FONTS\ega40869.fon
21:17:25.721 [main] DEBUG org.apache.fontbox.util.autodetect.FontFileFinder -- checkFontfile check C:\Windows\FONTS\ega40woa.fon
21:17:25.721 [main] DEBUG org.apache.fontbox.util.autodetect.FontFileFinder -- checkFontfile check C:\Windows\FONTS\ega80737.fon
21:17:25.721 [main] DEBUG org.apache.fontbox.util.autodetect.FontFileFinder -- checkFontfile check C:\Windows\FONTS\ega80850.fon
21:17:25.721 [main] DEBUG org.apache.fontbox.util.autodetect.FontFileFinder -- checkFontfile check C:\Windows\FONTS\ega80852.fon
21:17:25.721 [main] DEBUG org.apache.fontbox.util.autodetect.FontFileFinder -- checkFontfile check C:\Windows\FONTS\ega80857.fon
21:17:25.721 [main] DEBUG org.apache.fontbox.util.autodetect.FontFileFinder -- checkFontfile check C:\Windows\FONTS\ega80866.fon
21:17:25.722 [main] DEBUG org.apache.fontbox.util.autodetect.FontFileFinder -- checkFontfile check C:\Windows\FONTS\ega80869.fon
21:17:25.722 [main] DEBUG org.apache.fontbox.util.autodetect.FontFileFinder -- checkFontfile check C:\Windows\FONTS\ega80woa.fon
21:17:25.722 [main] DEBUG org.apache.fontbox.util.autodetect.FontFileFinder -- checkFontfile check C:\Windows\FONTS\ELEPHNT.TTF
21:17:25.722 [main] DEBUG org.apache.fontbox.util.autodetect.FontFileFinder -- checkFontfile found C:\Windows\FONTS\ELEPHNT.TTF
21:17:25.722 [main] DEBUG org.apache.fontbox.util.autodetect.FontFileFinder -- checkFontfile check C:\Windows\FONTS\ELEPHNTI.TTF
21:17:25.722 [main] DEBUG org.apache.fontbox.util.autodetect.FontFileFinder -- checkFontfile found C:\Windows\FONTS\ELEPHNTI.TTF
21:17:25.723 [main] DEBUG org.apache.fontbox.util.autodetect.FontFileFinder -- checkFontfile check C:\Windows\FONTS\ENGR.TTF
21:17:25.723 [main] DEBUG org.apache.fontbox.util.autodetect.FontFileFinder -- checkFontfile found C:\Windows\FONTS\ENGR.TTF
21:17:25.723 [main] DEBUG org.apache.fontbox.util.autodetect.FontFileFinder -- checkFontfile check C:\Windows\FONTS\ERASBD.TTF
21:17:25.723 [main] DEBUG org.apache.fontbox.util.autodetect.FontFileFinder -- checkFontfile found C:\Windows\FONTS\ERASBD.TTF
21:17:25.723 [main] DEBUG org.apache.fontbox.util.autodetect.FontFileFinder -- checkFontfile check C:\Windows\FONTS\ERASDEMI.TTF
21:17:25.723 [main] DEBUG org.apache.fontbox.util.autodetect.FontFileFinder -- checkFontfile found C:\Windows\FONTS\ERASDEMI.TTF
21:17:25.723 [main] DEBUG org.apache.fontbox.util.autodetect.FontFileFinder -- checkFontfile check C:\Windows\FONTS\ERASLGHT.TTF
21:17:25.723 [main] DEBUG org.apache.fontbox.util.autodetect.FontFileFinder -- checkFontfile found C:\Windows\FONTS\ERASLGHT.TTF
21:17:25.724 [main] DEBUG org.apache.fontbox.util.autodetect.FontFileFinder -- checkFontfile check C:\Windows\FONTS\ERASMD.TTF
21:17:25.724 [main] DEBUG org.apache.fontbox.util.autodetect.FontFileFinder -- checkFontfile found C:\Windows\FONTS\ERASMD.TTF
21:17:25.724 [main] DEBUG org.apache.fontbox.util.autodetect.FontFileFinder -- checkFontfile check C:\Windows\FONTS\FELIXTI.TTF
21:17:25.724 [main] DEBUG org.apache.fontbox.util.autodetect.FontFileFinder -- checkFontfile found C:\Windows\FONTS\FELIXTI.TTF
21:17:25.724 [main] DEBUG org.apache.fontbox.util.autodetect.FontFileFinder -- checkFontfile check C:\Windows\FONTS\fms_metadata.xml
21:17:25.724 [main] DEBUG org.apache.fontbox.util.autodetect.FontFileFinder -- checkFontfile check C:\Windows\FONTS\FORTE.TTF
21:17:25.724 [main] DEBUG org.apache.fontbox.util.autodetect.FontFileFinder -- checkFontfile found C:\Windows\FONTS\FORTE.TTF
21:17:25.724 [main] DEBUG org.apache.fontbox.util.autodetect.FontFileFinder -- checkFontfile check C:\Windows\FONTS\FRABK.TTF
21:17:25.724 [main] DEBUG org.apache.fontbox.util.autodetect.FontFileFinder -- checkFontfile found C:\Windows\FONTS\FRABK.TTF
21:17:25.725 [main] DEBUG org.apache.fontbox.util.autodetect.FontFileFinder -- checkFontfile check C:\Windows\FONTS\FRABKIT.TTF
21:17:25.725 [main] DEBUG org.apache.fontbox.util.autodetect.FontFileFinder -- checkFontfile found C:\Windows\FONTS\FRABKIT.TTF
21:17:25.725 [main] DEBUG org.apache.fontbox.util.autodetect.FontFileFinder -- checkFontfile check C:\Windows\FONTS\FRADM.TTF
21:17:25.725 [main] DEBUG org.apache.fontbox.util.autodetect.FontFileFinder -- checkFontfile found C:\Windows\FONTS\FRADM.TTF
21:17:25.725 [main] DEBUG org.apache.fontbox.util.autodetect.FontFileFinder -- checkFontfile check C:\Windows\FONTS\FRADMCN.TTF
21:17:25.725 [main] DEBUG org.apache.fontbox.util.autodetect.FontFileFinder -- checkFontfile found C:\Windows\FONTS\FRADMCN.TTF
21:17:25.725 [main] DEBUG org.apache.fontbox.util.autodetect.FontFileFinder -- checkFontfile check C:\Windows\FONTS\FRADMIT.TTF
21:17:25.725 [main] DEBUG org.apache.fontbox.util.autodetect.FontFileFinder -- checkFontfile found C:\Windows\FONTS\FRADMIT.TTF
21:17:25.725 [main] DEBUG org.apache.fontbox.util.autodetect.FontFileFinder -- checkFontfile check C:\Windows\FONTS\FRAHV.TTF
21:17:25.726 [main] DEBUG org.apache.fontbox.util.autodetect.FontFileFinder -- checkFontfile found C:\Windows\FONTS\FRAHV.TTF
21:17:25.726 [main] DEBUG org.apache.fontbox.util.autodetect.FontFileFinder -- checkFontfile check C:\Windows\FONTS\FRAHVIT.TTF
21:17:25.726 [main] DEBUG org.apache.fontbox.util.autodetect.FontFileFinder -- checkFontfile found C:\Windows\FONTS\FRAHVIT.TTF
21:17:25.727 [main] DEBUG org.apache.fontbox.util.autodetect.FontFileFinder -- checkFontfile check C:\Windows\FONTS\framd.ttf
21:17:25.727 [main] DEBUG org.apache.fontbox.util.autodetect.FontFileFinder -- checkFontfile found C:\Windows\FONTS\framd.ttf
21:17:25.728 [main] DEBUG org.apache.fontbox.util.autodetect.FontFileFinder -- checkFontfile check C:\Windows\FONTS\FRAMDCN.TTF
21:17:25.728 [main] DEBUG org.apache.fontbox.util.autodetect.FontFileFinder -- checkFontfile found C:\Windows\FONTS\FRAMDCN.TTF
21:17:25.728 [main] DEBUG org.apache.fontbox.util.autodetect.FontFileFinder -- checkFontfile check C:\Windows\FONTS\framdit.ttf
21:17:25.728 [main] DEBUG org.apache.fontbox.util.autodetect.FontFileFinder -- checkFontfile found C:\Windows\FONTS\framdit.ttf
21:17:25.729 [main] DEBUG org.apache.fontbox.util.autodetect.FontFileFinder -- checkFontfile check C:\Windows\FONTS\FREESCPT.TTF
21:17:25.729 [main] DEBUG org.apache.fontbox.util.autodetect.FontFileFinder -- checkFontfile found C:\Windows\FONTS\FREESCPT.TTF
21:17:25.729 [main] DEBUG org.apache.fontbox.util.autodetect.FontFileFinder -- checkFontfile check C:\Windows\FONTS\FRSCRIPT.TTF
21:17:25.729 [main] DEBUG org.apache.fontbox.util.autodetect.FontFileFinder -- checkFontfile found C:\Windows\FONTS\FRSCRIPT.TTF
21:17:25.729 [main] DEBUG org.apache.fontbox.util.autodetect.FontFileFinder -- checkFontfile check C:\Windows\FONTS\FTLTLT.TTF
21:17:25.729 [main] DEBUG org.apache.fontbox.util.autodetect.FontFileFinder -- checkFontfile found C:\Windows\FONTS\FTLTLT.TTF
21:17:25.730 [main] DEBUG org.apache.fontbox.util.autodetect.FontFileFinder -- checkFontfile check C:\Windows\FONTS\Gabriola.ttf
21:17:25.730 [main] DEBUG org.apache.fontbox.util.autodetect.FontFileFinder -- checkFontfile found C:\Windows\FONTS\Gabriola.ttf
21:17:25.731 [main] DEBUG org.apache.fontbox.util.autodetect.FontFileFinder -- checkFontfile check C:\Windows\FONTS\gadugi.ttf
21:17:25.731 [main] DEBUG org.apache.fontbox.util.autodetect.FontFileFinder -- checkFontfile found C:\Windows\FONTS\gadugi.ttf
21:17:25.731 [main] DEBUG org.apache.fontbox.util.autodetect.FontFileFinder -- checkFontfile check C:\Windows\FONTS\gadugib.ttf
21:17:25.732 [main] DEBUG org.apache.fontbox.util.autodetect.FontFileFinder -- checkFontfile found C:\Windows\FONTS\gadugib.ttf
21:17:25.732 [main] DEBUG org.apache.fontbox.util.autodetect.FontFileFinder -- checkFontfile check C:\Windows\FONTS\GARA.TTF
21:17:25.732 [main] DEBUG org.apache.fontbox.util.autodetect.FontFileFinder -- checkFontfile found C:\Windows\FONTS\GARA.TTF
21:17:25.732 [main] DEBUG org.apache.fontbox.util.autodetect.FontFileFinder -- checkFontfile check C:\Windows\FONTS\GARABD.TTF
21:17:25.732 [main] DEBUG org.apache.fontbox.util.autodetect.FontFileFinder -- checkFontfile found C:\Windows\FONTS\GARABD.TTF
21:17:25.733 [main] DEBUG org.apache.fontbox.util.autodetect.FontFileFinder -- checkFontfile check C:\Windows\FONTS\GARAIT.TTF
21:17:25.733 [main] DEBUG org.apache.fontbox.util.autodetect.FontFileFinder -- checkFontfile found C:\Windows\FONTS\GARAIT.TTF
21:17:25.733 [main] DEBUG org.apache.fontbox.util.autodetect.FontFileFinder -- checkFontfile check C:\Windows\FONTS\georgia.ttf
21:17:25.734 [main] DEBUG org.apache.fontbox.util.autodetect.FontFileFinder -- checkFontfile found C:\Windows\FONTS\georgia.ttf
21:17:25.734 [main] DEBUG org.apache.fontbox.util.autodetect.FontFileFinder -- checkFontfile check C:\Windows\FONTS\georgiab.ttf
21:17:25.734 [main] DEBUG org.apache.fontbox.util.autodetect.FontFileFinder -- checkFontfile found C:\Windows\FONTS\georgiab.ttf
21:17:25.734 [main] DEBUG org.apache.fontbox.util.autodetect.FontFileFinder -- checkFontfile check C:\Windows\FONTS\georgiai.ttf
21:17:25.735 [main] DEBUG org.apache.fontbox.util.autodetect.FontFileFinder -- checkFontfile found C:\Windows\FONTS\georgiai.ttf
21:17:25.735 [main] DEBUG org.apache.fontbox.util.autodetect.FontFileFinder -- checkFontfile check C:\Windows\FONTS\georgiaz.ttf
21:17:25.735 [main] DEBUG org.apache.fontbox.util.autodetect.FontFileFinder -- checkFontfile found C:\Windows\FONTS\georgiaz.ttf
21:17:25.735 [main] DEBUG org.apache.fontbox.util.autodetect.FontFileFinder -- checkFontfile check C:\Windows\FONTS\GIGI.TTF
21:17:25.735 [main] DEBUG org.apache.fontbox.util.autodetect.FontFileFinder -- checkFontfile found C:\Windows\FONTS\GIGI.TTF
21:17:25.736 [main] DEBUG org.apache.fontbox.util.autodetect.FontFileFinder -- checkFontfile check C:\Windows\FONTS\GILBI___.TTF
21:17:25.736 [main] DEBUG org.apache.fontbox.util.autodetect.FontFileFinder -- checkFontfile found C:\Windows\FONTS\GILBI___.TTF
21:17:25.737 [main] DEBUG org.apache.fontbox.util.autodetect.FontFileFinder -- checkFontfile check C:\Windows\FONTS\GILB____.TTF
21:17:25.737 [main] DEBUG org.apache.fontbox.util.autodetect.FontFileFinder -- checkFontfile found C:\Windows\FONTS\GILB____.TTF
21:17:25.737 [main] DEBUG org.apache.fontbox.util.autodetect.FontFileFinder -- checkFontfile check C:\Windows\FONTS\GILC____.TTF
21:17:25.737 [main] DEBUG org.apache.fontbox.util.autodetect.FontFileFinder -- checkFontfile found C:\Windows\FONTS\GILC____.TTF
21:17:25.738 [main] DEBUG org.apache.fontbox.util.autodetect.FontFileFinder -- checkFontfile check C:\Windows\FONTS\GILI____.TTF
21:17:25.738 [main] DEBUG org.apache.fontbox.util.autodetect.FontFileFinder -- checkFontfile found C:\Windows\FONTS\GILI____.TTF
21:17:25.738 [main] DEBUG org.apache.fontbox.util.autodetect.FontFileFinder -- checkFontfile check C:\Windows\FONTS\GILLUBCD.TTF
21:17:25.738 [main] DEBUG org.apache.fontbox.util.autodetect.FontFileFinder -- checkFontfile found C:\Windows\FONTS\GILLUBCD.TTF
21:17:25.738 [main] DEBUG org.apache.fontbox.util.autodetect.FontFileFinder -- checkFontfile check C:\Windows\FONTS\GILSANUB.TTF
21:17:25.738 [main] DEBUG org.apache.fontbox.util.autodetect.FontFileFinder -- checkFontfile found C:\Windows\FONTS\GILSANUB.TTF
21:17:25.739 [main] DEBUG org.apache.fontbox.util.autodetect.FontFileFinder -- checkFontfile check C:\Windows\FONTS\GIL_____.TTF
21:17:25.739 [main] DEBUG org.apache.fontbox.util.autodetect.FontFileFinder -- checkFontfile found C:\Windows\FONTS\GIL_____.TTF
21:17:25.739 [main] DEBUG org.apache.fontbox.util.autodetect.FontFileFinder -- checkFontfile check C:\Windows\FONTS\GLECB.TTF
21:17:25.739 [main] DEBUG org.apache.fontbox.util.autodetect.FontFileFinder -- checkFontfile found C:\Windows\FONTS\GLECB.TTF
21:17:25.739 [main] DEBUG org.apache.fontbox.util.autodetect.FontFileFinder -- checkFontfile check C:\Windows\FONTS\GLSNECB.TTF
21:17:25.739 [main] DEBUG org.apache.fontbox.util.autodetect.FontFileFinder -- checkFontfile found C:\Windows\FONTS\GLSNECB.TTF
21:17:25.739 [main] DEBUG org.apache.fontbox.util.autodetect.FontFileFinder -- checkFontfile check C:\Windows\FONTS\GOTHIC.TTF
21:17:25.739 [main] DEBUG org.apache.fontbox.util.autodetect.FontFileFinder -- checkFontfile found C:\Windows\FONTS\GOTHIC.TTF
21:17:25.739 [main] DEBUG org.apache.fontbox.util.autodetect.FontFileFinder -- checkFontfile check C:\Windows\FONTS\GOTHICB.TTF
21:17:25.739 [main] DEBUG org.apache.fontbox.util.autodetect.FontFileFinder -- checkFontfile found C:\Windows\FONTS\GOTHICB.TTF
21:17:25.740 [main] DEBUG org.apache.fontbox.util.autodetect.FontFileFinder -- checkFontfile check C:\Windows\FONTS\GOTHICBI.TTF
21:17:25.740 [main] DEBUG org.apache.fontbox.util.autodetect.FontFileFinder -- checkFontfile found C:\Windows\FONTS\GOTHICBI.TTF
21:17:25.740 [main] DEBUG org.apache.fontbox.util.autodetect.FontFileFinder -- checkFontfile check C:\Windows\FONTS\GOTHICI.TTF
21:17:25.740 [main] DEBUG org.apache.fontbox.util.autodetect.FontFileFinder -- checkFontfile found C:\Windows\FONTS\GOTHICI.TTF
21:17:25.740 [main] DEBUG org.apache.fontbox.util.autodetect.FontFileFinder -- checkFontfile check C:\Windows\FONTS\GOUDOS.TTF
21:17:25.740 [main] DEBUG org.apache.fontbox.util.autodetect.FontFileFinder -- checkFontfile found C:\Windows\FONTS\GOUDOS.TTF
21:17:25.741 [main] DEBUG org.apache.fontbox.util.autodetect.FontFileFinder -- checkFontfile check C:\Windows\FONTS\GOUDOSB.TTF
21:17:25.741 [main] DEBUG org.apache.fontbox.util.autodetect.FontFileFinder -- checkFontfile found C:\Windows\FONTS\GOUDOSB.TTF
21:17:25.741 [main] DEBUG org.apache.fontbox.util.autodetect.FontFileFinder -- checkFontfile check C:\Windows\FONTS\GOUDOSI.TTF
21:17:25.741 [main] DEBUG org.apache.fontbox.util.autodetect.FontFileFinder -- checkFontfile found C:\Windows\FONTS\GOUDOSI.TTF
21:17:25.741 [main] DEBUG org.apache.fontbox.util.autodetect.FontFileFinder -- checkFontfile check C:\Windows\FONTS\GOUDYSTO.TTF
21:17:25.741 [main] DEBUG org.apache.fontbox.util.autodetect.FontFileFinder -- checkFontfile found C:\Windows\FONTS\GOUDYSTO.TTF
21:17:25.741 [main] DEBUG org.apache.fontbox.util.autodetect.FontFileFinder -- checkFontfile check C:\Windows\FONTS\h8514fix.fon
21:17:25.742 [main] DEBUG org.apache.fontbox.util.autodetect.FontFileFinder -- checkFontfile check C:\Windows\FONTS\h8514oem.fon
21:17:25.742 [main] DEBUG org.apache.fontbox.util.autodetect.FontFileFinder -- checkFontfile check C:\Windows\FONTS\h8514sys.fon
21:17:25.742 [main] DEBUG org.apache.fontbox.util.autodetect.FontFileFinder -- checkFontfile check C:\Windows\FONTS\HARLOWSI.TTF
21:17:25.742 [main] DEBUG org.apache.fontbox.util.autodetect.FontFileFinder -- checkFontfile found C:\Windows\FONTS\HARLOWSI.TTF
21:17:25.742 [main] DEBUG org.apache.fontbox.util.autodetect.FontFileFinder -- checkFontfile check C:\Windows\FONTS\HARNGTON.TTF
21:17:25.742 [main] DEBUG org.apache.fontbox.util.autodetect.FontFileFinder -- checkFontfile found C:\Windows\FONTS\HARNGTON.TTF
21:17:25.742 [main] DEBUG org.apache.fontbox.util.autodetect.FontFileFinder -- checkFontfile check C:\Windows\FONTS\HATTEN.TTF
21:17:25.742 [main] DEBUG org.apache.fontbox.util.autodetect.FontFileFinder -- checkFontfile found C:\Windows\FONTS\HATTEN.TTF
21:17:25.742 [main] DEBUG org.apache.fontbox.util.autodetect.FontFileFinder -- checkFontfile check C:\Windows\FONTS\himalaya.ttf
21:17:25.742 [main] DEBUG org.apache.fontbox.util.autodetect.FontFileFinder -- checkFontfile found C:\Windows\FONTS\himalaya.ttf
21:17:25.743 [main] DEBUG org.apache.fontbox.util.autodetect.FontFileFinder -- checkFontfile check C:\Windows\FONTS\holomdl2.ttf
21:17:25.743 [main] DEBUG org.apache.fontbox.util.autodetect.FontFileFinder -- checkFontfile found C:\Windows\FONTS\holomdl2.ttf
21:17:25.743 [main] DEBUG org.apache.fontbox.util.autodetect.FontFileFinder -- checkFontfile check C:\Windows\FONTS\HTOWERT.TTF
21:17:25.743 [main] DEBUG org.apache.fontbox.util.autodetect.FontFileFinder -- checkFontfile found C:\Windows\FONTS\HTOWERT.TTF
21:17:25.743 [main] DEBUG org.apache.fontbox.util.autodetect.FontFileFinder -- checkFontfile check C:\Windows\FONTS\HTOWERTI.TTF
21:17:25.743 [main] DEBUG org.apache.fontbox.util.autodetect.FontFileFinder -- checkFontfile found C:\Windows\FONTS\HTOWERTI.TTF
21:17:25.743 [main] DEBUG org.apache.fontbox.util.autodetect.FontFileFinder -- checkFontfile check C:\Windows\FONTS\hvgafix.fon
21:17:25.743 [main] DEBUG org.apache.fontbox.util.autodetect.FontFileFinder -- checkFontfile check C:\Windows\FONTS\hvgasys.fon
21:17:25.743 [main] DEBUG org.apache.fontbox.util.autodetect.FontFileFinder -- checkFontfile check C:\Windows\FONTS\impact.ttf
21:17:25.743 [main] DEBUG org.apache.fontbox.util.autodetect.FontFileFinder -- checkFontfile found C:\Windows\FONTS\impact.ttf
21:17:25.743 [main] DEBUG org.apache.fontbox.util.autodetect.FontFileFinder -- checkFontfile check C:\Windows\FONTS\IMPRISHA.TTF
21:17:25.743 [main] DEBUG org.apache.fontbox.util.autodetect.FontFileFinder -- checkFontfile found C:\Windows\FONTS\IMPRISHA.TTF
21:17:25.744 [main] DEBUG org.apache.fontbox.util.autodetect.FontFileFinder -- checkFontfile check C:\Windows\FONTS\INFROMAN.TTF
21:17:25.744 [main] DEBUG org.apache.fontbox.util.autodetect.FontFileFinder -- checkFontfile found C:\Windows\FONTS\INFROMAN.TTF
21:17:25.744 [main] DEBUG org.apache.fontbox.util.autodetect.FontFileFinder -- checkFontfile check C:\Windows\FONTS\Inkfree.ttf
21:17:25.744 [main] DEBUG org.apache.fontbox.util.autodetect.FontFileFinder -- checkFontfile found C:\Windows\FONTS\Inkfree.ttf
21:17:25.744 [main] DEBUG org.apache.fontbox.util.autodetect.FontFileFinder -- checkFontfile check C:\Windows\FONTS\ITCBLKAD.TTF
21:17:25.744 [main] DEBUG org.apache.fontbox.util.autodetect.FontFileFinder -- checkFontfile found C:\Windows\FONTS\ITCBLKAD.TTF
21:17:25.744 [main] DEBUG org.apache.fontbox.util.autodetect.FontFileFinder -- checkFontfile check C:\Windows\FONTS\ITCEDSCR.TTF
21:17:25.744 [main] DEBUG org.apache.fontbox.util.autodetect.FontFileFinder -- checkFontfile found C:\Windows\FONTS\ITCEDSCR.TTF
21:17:25.744 [main] DEBUG org.apache.fontbox.util.autodetect.FontFileFinder -- checkFontfile check C:\Windows\FONTS\ITCKRIST.TTF
21:17:25.744 [main] DEBUG org.apache.fontbox.util.autodetect.FontFileFinder -- checkFontfile found C:\Windows\FONTS\ITCKRIST.TTF
21:17:25.744 [main] DEBUG org.apache.fontbox.util.autodetect.FontFileFinder -- checkFontfile check C:\Windows\FONTS\j8514fix.fon
21:17:25.744 [main] DEBUG org.apache.fontbox.util.autodetect.FontFileFinder -- checkFontfile check C:\Windows\FONTS\j8514oem.fon
21:17:25.744 [main] DEBUG org.apache.fontbox.util.autodetect.FontFileFinder -- checkFontfile check C:\Windows\FONTS\j8514sys.fon
21:17:25.745 [main] DEBUG org.apache.fontbox.util.autodetect.FontFileFinder -- checkFontfile check C:\Windows\FONTS\javatext.ttf
21:17:25.745 [main] DEBUG org.apache.fontbox.util.autodetect.FontFileFinder -- checkFontfile found C:\Windows\FONTS\javatext.ttf
21:17:25.745 [main] DEBUG org.apache.fontbox.util.autodetect.FontFileFinder -- checkFontfile check C:\Windows\FONTS\JOKERMAN.TTF
21:17:25.745 [main] DEBUG org.apache.fontbox.util.autodetect.FontFileFinder -- checkFontfile found C:\Windows\FONTS\JOKERMAN.TTF
21:17:25.745 [main] DEBUG org.apache.fontbox.util.autodetect.FontFileFinder -- checkFontfile check C:\Windows\FONTS\jsmalle.fon
21:17:25.745 [main] DEBUG org.apache.fontbox.util.autodetect.FontFileFinder -- checkFontfile check C:\Windows\FONTS\jsmallf.fon
21:17:25.745 [main] DEBUG org.apache.fontbox.util.autodetect.FontFileFinder -- checkFontfile check C:\Windows\FONTS\JUICE___.TTF
21:17:25.745 [main] DEBUG org.apache.fontbox.util.autodetect.FontFileFinder -- checkFontfile found C:\Windows\FONTS\JUICE___.TTF
21:17:25.745 [main] DEBUG org.apache.fontbox.util.autodetect.FontFileFinder -- checkFontfile check C:\Windows\FONTS\jvgafix.fon
21:17:25.745 [main] DEBUG org.apache.fontbox.util.autodetect.FontFileFinder -- checkFontfile check C:\Windows\FONTS\jvgasys.fon
21:17:25.745 [main] DEBUG org.apache.fontbox.util.autodetect.FontFileFinder -- checkFontfile check C:\Windows\FONTS\KUNSTLER.TTF
[...]
21:17:25.784 [main] DEBUG org.apache.fontbox.util.autodetect.FontFileFinder -- checkFontfile check C:\Windows\FONTS\STENCIL.TTF
21:17:25.784 [main] DEBUG org.apache.fontbox.util.autodetect.FontFileFinder -- checkFontfile found C:\Windows\FONTS\STENCIL.TTF
21:17:25.784 [main] DEBUG org.apache.fontbox.util.autodetect.FontFileFinder -- checkFontfile check C:\Windows\FONTS\svgafix.fon
21:17:25.785 [main] DEBUG org.apache.fontbox.util.autodetect.FontFileFinder -- checkFontfile check C:\Windows\FONTS\svgasys.fon
21:17:25.785 [main] DEBUG org.apache.fontbox.util.autodetect.FontFileFinder -- checkFontfile check C:\Windows\FONTS\sylfaen.ttf
21:17:25.785 [main] DEBUG org.apache.fontbox.util.autodetect.FontFileFinder -- checkFontfile found C:\Windows\FONTS\sylfaen.ttf
21:17:25.785 [main] DEBUG org.apache.fontbox.util.autodetect.FontFileFinder -- checkFontfile check C:\Windows\FONTS\symbol.ttf
21:17:25.785 [main] DEBUG org.apache.fontbox.util.autodetect.FontFileFinder -- checkFontfile found C:\Windows\FONTS\symbol.ttf
21:17:25.785 [main] DEBUG org.apache.fontbox.util.autodetect.FontFileFinder -- checkFontfile check C:\Windows\FONTS\tahoma.ttf
21:17:25.785 [main] DEBUG org.apache.fontbox.util.autodetect.FontFileFinder -- checkFontfile found C:\Windows\FONTS\tahoma.ttf
21:17:25.785 [main] DEBUG org.apache.fontbox.util.autodetect.FontFileFinder -- checkFontfile check C:\Windows\FONTS\tahomabd.ttf
21:17:25.785 [main] DEBUG org.apache.fontbox.util.autodetect.FontFileFinder -- checkFontfile found C:\Windows\FONTS\tahomabd.ttf
21:17:25.785 [main] DEBUG org.apache.fontbox.util.autodetect.FontFileFinder -- checkFontfile check C:\Windows\FONTS\taile.ttf
21:17:25.785 [main] DEBUG org.apache.fontbox.util.autodetect.FontFileFinder -- checkFontfile found C:\Windows\FONTS\taile.ttf
21:17:25.786 [main] DEBUG org.apache.fontbox.util.autodetect.FontFileFinder -- checkFontfile check C:\Windows\FONTS\taileb.ttf
21:17:25.786 [main] DEBUG org.apache.fontbox.util.autodetect.FontFileFinder -- checkFontfile found C:\Windows\FONTS\taileb.ttf
21:17:25.786 [main] DEBUG org.apache.fontbox.util.autodetect.FontFileFinder -- checkFontfile check C:\Windows\FONTS\TCBI____.TTF
21:17:25.786 [main] DEBUG org.apache.fontbox.util.autodetect.FontFileFinder -- checkFontfile found C:\Windows\FONTS\TCBI____.TTF
21:17:25.786 [main] DEBUG org.apache.fontbox.util.autodetect.FontFileFinder -- checkFontfile check C:\Windows\FONTS\TCB_____.TTF
21:17:25.786 [main] DEBUG org.apache.fontbox.util.autodetect.FontFileFinder -- checkFontfile found C:\Windows\FONTS\TCB_____.TTF
21:17:25.786 [main] DEBUG org.apache.fontbox.util.autodetect.FontFileFinder -- checkFontfile check C:\Windows\FONTS\TCCB____.TTF
21:17:25.786 [main] DEBUG org.apache.fontbox.util.autodetect.FontFileFinder -- checkFontfile found C:\Windows\FONTS\TCCB____.TTF
21:17:25.786 [main] DEBUG org.apache.fontbox.util.autodetect.FontFileFinder -- checkFontfile check C:\Windows\FONTS\TCCEB.TTF
21:17:25.786 [main] DEBUG org.apache.fontbox.util.autodetect.FontFileFinder -- checkFontfile found C:\Windows\FONTS\TCCEB.TTF
21:17:25.787 [main] DEBUG org.apache.fontbox.util.autodetect.FontFileFinder -- checkFontfile check C:\Windows\FONTS\TCCM____.TTF
21:17:25.787 [main] DEBUG org.apache.fontbox.util.autodetect.FontFileFinder -- checkFontfile found C:\Windows\FONTS\TCCM____.TTF
21:17:25.787 [main] DEBUG org.apache.fontbox.util.autodetect.FontFileFinder -- checkFontfile check C:\Windows\FONTS\TCMI____.TTF
21:17:25.787 [main] DEBUG org.apache.fontbox.util.autodetect.FontFileFinder -- checkFontfile found C:\Windows\FONTS\TCMI____.TTF
21:17:25.787 [main] DEBUG org.apache.fontbox.util.autodetect.FontFileFinder -- checkFontfile check C:\Windows\FONTS\TCM_____.TTF
21:17:25.787 [main] DEBUG org.apache.fontbox.util.autodetect.FontFileFinder -- checkFontfile found C:\Windows\FONTS\TCM_____.TTF
21:17:25.788 [main] DEBUG org.apache.fontbox.util.autodetect.FontFileFinder -- checkFontfile check C:\Windows\FONTS\TEMPSITC.TTF
21:17:25.788 [main] DEBUG org.apache.fontbox.util.autodetect.FontFileFinder -- checkFontfile found C:\Windows\FONTS\TEMPSITC.TTF
21:17:25.788 [main] DEBUG org.apache.fontbox.util.autodetect.FontFileFinder -- checkFontfile check C:\Windows\FONTS\times.ttf
21:17:25.788 [main] DEBUG org.apache.fontbox.util.autodetect.FontFileFinder -- checkFontfile found C:\Windows\FONTS\times.ttf
21:17:25.788 [main] DEBUG org.apache.fontbox.util.autodetect.FontFileFinder -- checkFontfile check C:\Windows\FONTS\timesbd.ttf
21:17:25.788 [main] DEBUG org.apache.fontbox.util.autodetect.FontFileFinder -- checkFontfile found C:\Windows\FONTS\timesbd.ttf
21:17:25.788 [main] DEBUG org.apache.fontbox.util.autodetect.FontFileFinder -- checkFontfile check C:\Windows\FONTS\timesbi.ttf
21:17:25.788 [main] DEBUG org.apache.fontbox.util.autodetect.FontFileFinder -- checkFontfile found C:\Windows\FONTS\timesbi.ttf
21:17:25.789 [main] DEBUG org.apache.fontbox.util.autodetect.FontFileFinder -- checkFontfile check C:\Windows\FONTS\timesi.ttf
21:17:25.789 [main] DEBUG org.apache.fontbox.util.autodetect.FontFileFinder -- checkFontfile found C:\Windows\FONTS\timesi.ttf
21:17:25.789 [main] DEBUG org.apache.fontbox.util.autodetect.FontFileFinder -- checkFontfile check C:\Windows\FONTS\trebuc.ttf
21:17:25.789 [main] DEBUG org.apache.fontbox.util.autodetect.FontFileFinder -- checkFontfile found C:\Windows\FONTS\trebuc.ttf
21:17:25.789 [main] DEBUG org.apache.fontbox.util.autodetect.FontFileFinder -- checkFontfile check C:\Windows\FONTS\trebucbd.ttf
21:17:25.789 [main] DEBUG org.apache.fontbox.util.autodetect.FontFileFinder -- checkFontfile found C:\Windows\FONTS\trebucbd.ttf
21:17:25.789 [main] DEBUG org.apache.fontbox.util.autodetect.FontFileFinder -- checkFontfile check C:\Windows\FONTS\trebucbi.ttf
21:17:25.789 [main] DEBUG org.apache.fontbox.util.autodetect.FontFileFinder -- checkFontfile found C:\Windows\FONTS\trebucbi.ttf
21:17:25.790 [main] DEBUG org.apache.fontbox.util.autodetect.FontFileFinder -- checkFontfile check C:\Windows\FONTS\trebucit.ttf
21:17:25.790 [main] DEBUG org.apache.fontbox.util.autodetect.FontFileFinder -- checkFontfile found C:\Windows\FONTS\trebucit.ttf
21:17:25.790 [main] DEBUG org.apache.fontbox.util.autodetect.FontFileFinder -- checkFontfile check C:\Windows\FONTS\verdana.ttf
21:17:25.790 [main] DEBUG org.apache.fontbox.util.autodetect.FontFileFinder -- checkFontfile found C:\Windows\FONTS\verdana.ttf
21:17:25.790 [main] DEBUG org.apache.fontbox.util.autodetect.FontFileFinder -- checkFontfile check C:\Windows\FONTS\verdanab.ttf
21:17:25.790 [main] DEBUG org.apache.fontbox.util.autodetect.FontFileFinder -- checkFontfile found C:\Windows\FONTS\verdanab.ttf
21:17:25.790 [main] DEBUG org.apache.fontbox.util.autodetect.FontFileFinder -- checkFontfile check C:\Windows\FONTS\verdanai.ttf
21:17:25.790 [main] DEBUG org.apache.fontbox.util.autodetect.FontFileFinder -- checkFontfile found C:\Windows\FONTS\verdanai.ttf
21:17:25.790 [main] DEBUG org.apache.fontbox.util.autodetect.FontFileFinder -- checkFontfile check C:\Windows\FONTS\verdanaz.ttf
21:17:25.790 [main] DEBUG org.apache.fontbox.util.autodetect.FontFileFinder -- checkFontfile found C:\Windows\FONTS\verdanaz.ttf
21:17:25.790 [main] DEBUG org.apache.fontbox.util.autodetect.FontFileFinder -- checkFontfile check C:\Windows\FONTS\vga737.fon
21:17:25.791 [main] DEBUG org.apache.fontbox.util.autodetect.FontFileFinder -- checkFontfile check C:\Windows\FONTS\vga775.fon
21:17:25.791 [main] DEBUG org.apache.fontbox.util.autodetect.FontFileFinder -- checkFontfile check C:\Windows\FONTS\vga850.fon
21:17:25.791 [main] DEBUG org.apache.fontbox.util.autodetect.FontFileFinder -- checkFontfile check C:\Windows\FONTS\vga852.fon
21:17:25.791 [main] DEBUG org.apache.fontbox.util.autodetect.FontFileFinder -- checkFontfile check C:\Windows\FONTS\vga855.fon
21:17:25.791 [main] DEBUG org.apache.fontbox.util.autodetect.FontFileFinder -- checkFontfile check C:\Windows\FONTS\vga857.fon
21:17:25.791 [main] DEBUG org.apache.fontbox.util.autodetect.FontFileFinder -- checkFontfile check C:\Windows\FONTS\vga860.fon
21:17:25.791 [main] DEBUG org.apache.fontbox.util.autodetect.FontFileFinder -- checkFontfile check C:\Windows\FONTS\vga861.fon
21:17:25.791 [main] DEBUG org.apache.fontbox.util.autodetect.FontFileFinder -- checkFontfile check C:\Windows\FONTS\vga863.fon
21:17:25.791 [main] DEBUG org.apache.fontbox.util.autodetect.FontFileFinder -- checkFontfile check C:\Windows\FONTS\vga865.fon
21:17:25.791 [main] DEBUG org.apache.fontbox.util.autodetect.FontFileFinder -- checkFontfile check C:\Windows\FONTS\vga866.fon
21:17:25.791 [main] DEBUG org.apache.fontbox.util.autodetect.FontFileFinder -- checkFontfile check C:\Windows\FONTS\vga869.fon
21:17:25.791 [main] DEBUG org.apache.fontbox.util.autodetect.FontFileFinder -- checkFontfile check C:\Windows\FONTS\vga932.fon
21:17:25.791 [main] DEBUG org.apache.fontbox.util.autodetect.FontFileFinder -- checkFontfile check C:\Windows\FONTS\vga936.fon
21:17:25.791 [main] DEBUG org.apache.fontbox.util.autodetect.FontFileFinder -- checkFontfile check C:\Windows\FONTS\vga949.fon
21:17:25.792 [main] DEBUG org.apache.fontbox.util.autodetect.FontFileFinder -- checkFontfile check C:\Windows\FONTS\vga950.fon
21:17:25.792 [main] DEBUG org.apache.fontbox.util.autodetect.FontFileFinder -- checkFontfile check C:\Windows\FONTS\vgaf1255.fon
21:17:25.792 [main] DEBUG org.apache.fontbox.util.autodetect.FontFileFinder -- checkFontfile check C:\Windows\FONTS\vgaf1256.fon
21:17:25.792 [main] DEBUG org.apache.fontbox.util.autodetect.FontFileFinder -- checkFontfile check C:\Windows\FONTS\vgaf1257.fon
21:17:25.792 [main] DEBUG org.apache.fontbox.util.autodetect.FontFileFinder -- checkFontfile check C:\Windows\FONTS\vgaf874.fon
21:17:25.792 [main] DEBUG org.apache.fontbox.util.autodetect.FontFileFinder -- checkFontfile check C:\Windows\FONTS\vgafix.fon
21:17:25.792 [main] DEBUG org.apache.fontbox.util.autodetect.FontFileFinder -- checkFontfile check C:\Windows\FONTS\vgafixe.fon
21:17:25.792 [main] DEBUG org.apache.fontbox.util.autodetect.FontFileFinder -- checkFontfile check C:\Windows\FONTS\vgafixg.fon
21:17:25.792 [main] DEBUG org.apache.fontbox.util.autodetect.FontFileFinder -- checkFontfile check C:\Windows\FONTS\vgafixr.fon
21:17:25.792 [main] DEBUG org.apache.fontbox.util.autodetect.FontFileFinder -- checkFontfile check C:\Windows\FONTS\vgafixt.fon
21:17:25.792 [main] DEBUG org.apache.fontbox.util.autodetect.FontFileFinder -- checkFontfile check C:\Windows\FONTS\vgaoem.fon
21:17:25.792 [main] DEBUG org.apache.fontbox.util.autodetect.FontFileFinder -- checkFontfile check C:\Windows\FONTS\vgas1255.fon
21:17:25.792 [main] DEBUG org.apache.fontbox.util.autodetect.FontFileFinder -- checkFontfile check C:\Windows\FONTS\vgas1256.fon
21:17:25.792 [main] DEBUG org.apache.fontbox.util.autodetect.FontFileFinder -- checkFontfile check C:\Windows\FONTS\vgas1257.fon
21:17:25.792 [main] DEBUG org.apache.fontbox.util.autodetect.FontFileFinder -- checkFontfile check C:\Windows\FONTS\vgas874.fon
21:17:25.792 [main] DEBUG org.apache.fontbox.util.autodetect.FontFileFinder -- checkFontfile check C:\Windows\FONTS\vgasys.fon
21:17:25.792 [main] DEBUG org.apache.fontbox.util.autodetect.FontFileFinder -- checkFontfile check C:\Windows\FONTS\vgasyse.fon
21:17:25.793 [main] DEBUG org.apache.fontbox.util.autodetect.FontFileFinder -- checkFontfile check C:\Windows\FONTS\vgasysg.fon
21:17:25.793 [main] DEBUG org.apache.fontbox.util.autodetect.FontFileFinder -- checkFontfile check C:\Windows\FONTS\vgasysr.fon
21:17:25.793 [main] DEBUG org.apache.fontbox.util.autodetect.FontFileFinder -- checkFontfile check C:\Windows\FONTS\vgasyst.fon
21:17:25.793 [main] DEBUG org.apache.fontbox.util.autodetect.FontFileFinder -- checkFontfile check C:\Windows\FONTS\VINERITC.TTF
21:17:25.793 [main] DEBUG org.apache.fontbox.util.autodetect.FontFileFinder -- checkFontfile found C:\Windows\FONTS\VINERITC.TTF
21:17:25.793 [main] DEBUG org.apache.fontbox.util.autodetect.FontFileFinder -- checkFontfile check C:\Windows\FONTS\VIVALDII.TTF
21:17:25.793 [main] DEBUG org.apache.fontbox.util.autodetect.FontFileFinder -- checkFontfile found C:\Windows\FONTS\VIVALDII.TTF
21:17:25.793 [main] DEBUG org.apache.fontbox.util.autodetect.FontFileFinder -- checkFontfile check C:\Windows\FONTS\VLADIMIR.TTF
21:17:25.793 [main] DEBUG org.apache.fontbox.util.autodetect.FontFileFinder -- checkFontfile found C:\Windows\FONTS\VLADIMIR.TTF
21:17:25.793 [main] DEBUG org.apache.fontbox.util.autodetect.FontFileFinder -- checkFontfile check C:\Windows\FONTS\webdings.ttf
21:17:25.793 [main] DEBUG org.apache.fontbox.util.autodetect.FontFileFinder -- checkFontfile found C:\Windows\FONTS\webdings.ttf
21:17:25.793 [main] DEBUG org.apache.fontbox.util.autodetect.FontFileFinder -- checkFontfile check C:\Windows\FONTS\wingding.ttf
21:17:25.793 [main] DEBUG org.apache.fontbox.util.autodetect.FontFileFinder -- checkFontfile found C:\Windows\FONTS\wingding.ttf
21:17:25.793 [main] DEBUG org.apache.fontbox.util.autodetect.FontFileFinder -- checkFontfile check C:\Windows\FONTS\WINGDNG2.TTF
21:17:25.793 [main] DEBUG org.apache.fontbox.util.autodetect.FontFileFinder -- checkFontfile found C:\Windows\FONTS\WINGDNG2.TTF
21:17:25.793 [main] DEBUG org.apache.fontbox.util.autodetect.FontFileFinder -- checkFontfile check C:\Windows\FONTS\WINGDNG3.TTF
21:17:25.793 [main] DEBUG org.apache.fontbox.util.autodetect.FontFileFinder -- checkFontfile found C:\Windows\FONTS\WINGDNG3.TTF
21:17:25.794 [main] DEBUG org.apache.fontbox.util.autodetect.FontFileFinder -- checkFontfile check C:\Windows\FONTS\YuGothB.ttc
21:17:25.794 [main] DEBUG org.apache.fontbox.util.autodetect.FontFileFinder -- checkFontfile found C:\Windows\FONTS\YuGothB.ttc
21:17:25.794 [main] DEBUG org.apache.fontbox.util.autodetect.FontFileFinder -- checkFontfile check C:\Windows\FONTS\YuGothL.ttc
21:17:25.794 [main] DEBUG org.apache.fontbox.util.autodetect.FontFileFinder -- checkFontfile found C:\Windows\FONTS\YuGothL.ttc
21:17:25.794 [main] DEBUG org.apache.fontbox.util.autodetect.FontFileFinder -- checkFontfile check C:\Windows\FONTS\YuGothM.ttc
21:17:25.794 [main] DEBUG org.apache.fontbox.util.autodetect.FontFileFinder -- checkFontfile found C:\Windows\FONTS\YuGothM.ttc
21:17:25.794 [main] DEBUG org.apache.fontbox.util.autodetect.FontFileFinder -- checkFontfile check C:\Windows\FONTS\YuGothR.ttc
21:17:25.794 [main] DEBUG org.apache.fontbox.util.autodetect.FontFileFinder -- checkFontfile found C:\Windows\FONTS\YuGothR.ttc
21:17:25.825 [main] DEBUG org.apache.pdfbox.pdmodel.font.FontMapperImpl -- getFont('TTF','TimesNewRomanPSMT') returns TimesNewRomanPSMT (TTF, mac: 0x0, os/2: 0x105, cid: null) C:\Windows\FONTS\times.ttf
21:17:25.832 [main] DEBUG org.apache.pdfbox.pdmodel.font.FileSystemFontProvider -- Loaded TimesNewRomanPSMT from C:\Windows\FONTS\times.ttf
21:17:25.841 [main] DEBUG org.apache.pdfbox.pdmodel.font.FontMapperImpl -- getFont('TTF','TimesNewRomanPS-BoldMT') returns TimesNewRomanPS-BoldMT (TTF, mac: 0x1, os/2: 0x105, cid: null) C:\Windows\FONTS\timesbd.ttf
21:17:25.844 [main] DEBUG org.apache.pdfbox.pdmodel.font.FileSystemFontProvider -- Loaded TimesNewRomanPS-BoldMT from C:\Windows\FONTS\timesbd.ttf
21:17:25.849 [main] DEBUG org.apache.pdfbox.pdmodel.font.FontMapperImpl -- getFont('TTF','TimesNewRomanPS-ItalicMT') returns TimesNewRomanPS-ItalicMT (TTF, mac: 0x2, os/2: 0x105, cid: null) C:\Windows\FONTS\timesi.ttf
21:17:25.851 [main] DEBUG org.apache.pdfbox.pdmodel.font.FileSystemFontProvider -- Loaded TimesNewRomanPS-ItalicMT from C:\Windows\FONTS\timesi.ttf
21:17:25.857 [main] DEBUG org.apache.pdfbox.pdmodel.font.FontMapperImpl -- getFont('TTF','TimesNewRomanPS-BoldItalicMT') returns TimesNewRomanPS-BoldItalicMT (TTF, mac: 0x3, os/2: 0x105, cid: null) C:\Windows\FONTS\timesbi.ttf
21:17:25.859 [main] DEBUG org.apache.pdfbox.pdmodel.font.FileSystemFontProvider -- Loaded TimesNewRomanPS-BoldItalicMT from C:\Windows\FONTS\timesbi.ttf
21:17:25.863 [main] DEBUG org.apache.pdfbox.pdmodel.font.FontMapperImpl -- getFont('TTF','ArialMT') returns ArialMT (TTF, mac: 0x0, os/2: 0x805, cid: null) C:\Windows\FONTS\arial.ttf
21:17:25.866 [main] DEBUG org.apache.pdfbox.pdmodel.font.FileSystemFontProvider -- Loaded ArialMT from C:\Windows\FONTS\arial.ttf
21:17:25.871 [main] DEBUG org.apache.pdfbox.pdmodel.font.FontMapperImpl -- getFont('TTF','Arial-BoldMT') returns Arial-BoldMT (TTF, mac: 0x1, os/2: 0x805, cid: null) C:\Windows\FONTS\arialbd.ttf
21:17:25.876 [main] DEBUG org.apache.pdfbox.pdmodel.font.FileSystemFontProvider -- Loaded Arial-BoldMT from C:\Windows\FONTS\arialbd.ttf
21:17:25.878 [main] DEBUG org.apache.pdfbox.pdmodel.font.FontMapperImpl -- getFont('TTF','Arial-ItalicMT') returns Arial-ItalicMT (TTF, mac: 0x2, os/2: 0x805, cid: null) C:\Windows\FONTS\ariali.ttf
21:17:25.881 [main] DEBUG org.apache.pdfbox.pdmodel.font.FileSystemFontProvider -- Loaded Arial-ItalicMT from C:\Windows\FONTS\ariali.ttf
21:17:25.885 [main] DEBUG org.apache.pdfbox.pdmodel.font.FontMapperImpl -- getFont('TTF','Arial-BoldItalicMT') returns Arial-BoldItalicMT (TTF, mac: 0x3, os/2: 0x805, cid: null) C:\Windows\FONTS\arialbi.ttf
21:17:25.889 [main] DEBUG org.apache.pdfbox.pdmodel.font.FileSystemFontProvider -- Loaded Arial-BoldItalicMT from C:\Windows\FONTS\arialbi.ttf
21:17:25.893 [main] DEBUG org.apache.pdfbox.pdmodel.font.FontMapperImpl -- getFont('TTF','CourierNewPSMT') returns CourierNewPSMT (TTF, mac: 0x0, os/2: 0x505, cid: null) C:\Windows\FONTS\cour.ttf
21:17:25.896 [main] DEBUG org.apache.pdfbox.pdmodel.font.FileSystemFontProvider -- Loaded CourierNewPSMT from C:\Windows\FONTS\cour.ttf
21:17:25.899 [main] DEBUG org.apache.pdfbox.pdmodel.font.FontMapperImpl -- getFont('TTF','CourierNewPS-BoldMT') returns CourierNewPS-BoldMT (TTF, mac: 0x1, os/2: 0x505, cid: null) C:\Windows\FONTS\courbd.ttf
21:17:25.900 [main] DEBUG org.apache.pdfbox.pdmodel.font.FileSystemFontProvider -- Loaded CourierNewPS-BoldMT from C:\Windows\FONTS\courbd.ttf
21:17:25.903 [main] DEBUG org.apache.pdfbox.pdmodel.font.FontMapperImpl -- getFont('TTF','CourierNewPS-ItalicMT') returns CourierNewPS-ItalicMT (TTF, mac: 0x2, os/2: 0x505, cid: null) C:\Windows\FONTS\couri.ttf
21:17:25.907 [main] DEBUG org.apache.pdfbox.pdmodel.font.FileSystemFontProvider -- Loaded CourierNewPS-ItalicMT from C:\Windows\FONTS\couri.ttf
21:17:25.911 [main] DEBUG org.apache.pdfbox.pdmodel.font.FontMapperImpl -- getFont('TTF','CourierNewPS-BoldItalicMT') returns CourierNewPS-BoldItalicMT (TTF, mac: 0x3, os/2: 0x505, cid: null) C:\Windows\FONTS\courbi.ttf
21:17:25.914 [main] DEBUG org.apache.pdfbox.pdmodel.font.FileSystemFontProvider -- Loaded CourierNewPS-BoldItalicMT from C:\Windows\FONTS\courbi.ttf
21:17:25.916 [main] DEBUG org.apache.pdfbox.pdmodel.font.FontMapperImpl -- getFont('TTF','SymbolMT') returns SymbolMT (TTF, mac: 0x0, os/2: 0xc03, cid: null) C:\Windows\FONTS\symbol.ttf
21:17:25.917 [main] DEBUG org.apache.pdfbox.pdmodel.font.FileSystemFontProvider -- Loaded SymbolMT from C:\Windows\FONTS\symbol.ttf
21:17:25.919 [main] DEBUG org.apache.pdfbox.pdmodel.font.FontMapperImpl -- getFont('TTF','MS-Gothic') returns MS-Gothic (TTF, mac: 0x0, os/2: 0x801, cid: null) C:\Windows\FONTS\msgothic.ttc
21:17:25.928 [main] DEBUG org.apache.pdfbox.pdmodel.font.FileSystemFontProvider -- Loaded MS-Gothic from C:\Windows\FONTS\msgothic.ttc
]]></system-out>
    <system-err><![CDATA[Apr 05, 2025 9:17:25 PM tech.grasshopper.pdf.PDFCucumberReport collectReportConfiguration
INFO: PDF report configuration YAML file not found. Using default settings.
Apr 05, 2025 9:17:27 PM org.openqa.selenium.remote.RemoteWebDriver checkNonW3CCapabilities
WARNING: Support for Legacy Capabilities is deprecated; You are sending the following invalid capabilities: [browser, browser_version, os, os_version, resolution]; Please update to W3C Syntax: https://www.selenium.dev/blog/2022/legacy-protocol-support/
]]></system-err>
  </testcase>
</testsuite>