<?xml version="1.0" encoding="UTF-8"?>
<!-- Generated by org.testng.reporters.JUnitXMLReporter -->
<testsuite ignored="0" hostname="VDL171" failures="1" tests="1" name="Firefox 1366x768" time="4.321" errors="0" timestamp="2025-04-06T00:15:27 IST">
  <testcase classname="io.cucumber.testng.AbstractTestNGCucumberTests" name="runScenario" time="3.821">
    <failure type="java.lang.AssertionError" message="Could not start a new session. Possible causes are invalid address of the remote server or browser start-up failure. 
Host info: host: &amp;apos;VDL171&amp;apos;, ip: &amp;apos;192.168.128.253&amp;apos;">
      <![CDATA[java.lang.AssertionError: Could not start a new session. Possible causes are invalid address of the remote server or browser start-up failure. 
Host info: host: 'VDL171', ip: '192.168.128.253'
at Utils.HelperClass.handleException(HelperClass.java:140)
at Utils.HelperClass.<init>(HelperClass.java:38)
at Utils.HelperClass.getInstance(HelperClass.java:44)
at Definitions.Hooks.setup(Hooks.java:17)
... Removed 1 stack frames]]>
    </failure>
  </testcase> <!-- runScenario -->
</testsuite> <!-- Firefox 1366x768 -->
