<?xml version="1.0" encoding="UTF-8"?>
<!-- Generated by org.testng.reporters.JUnitReportReporter -->
<testsuite hostname="VDL171" failures="1" tests="1" name="Runner.RunnerTest" time="13.094" errors="0" timestamp="2025-04-05T17:09:24 IST" skipped="0">
  <testcase classname="Runner.RunnerTest" name="runScenario" time="13.094">
    <failure message="The following asserts failed:
	expected [Test] but found [Search Results: AIR TOOL OIL]" type="java.lang.AssertionError">
      <![CDATA[java.lang.AssertionError: The following asserts failed:
expected [Test] but found [Search Results: AIR TOOL OIL]
at org.testng.asserts.SoftAssert.assertAll(SoftAssert.java:47)
at org.testng.asserts.SoftAssert.assertAll(SoftAssert.java:31)
at TestCases.SearchValidation.verify_if_the_user_fails_the_validation_and_the_error_scenarios_are_shown_in_the_report(SearchValidation.java:87)
at ✽.Verify if the user fails the validation and the error scenarios are shown in the report(file:///C:/Users/Sathik/eclipse-workspace/Shop_HighLine_Project/src/test/resources/features/Animation.feature:10)
]]>
    </failure>
  </testcase> <!-- runScenario -->
  <system-out/>
</testsuite> <!-- Runner.RunnerTest -->
